This is pdfTeX, Version 3.141592653-2.6-1.40.22 (TeX Live 2021/nixos.org) (preloaded format=pdflatex 1980.1.1)  8 JAN 2023 18:59
entering extended mode
 restricted \write18 enabled.
 file:line:error style messages enabled.
 %&-line parsing enabled.
**master.tex
(./master.tex
LaTeX2e <2021-11-15> patch level 1
L3 programming layer <2022-02-24> (/nix/store/08rxkiywagh695h777fgmyqjvj56s3z1-texlive-combined-full-2021-final/share/texmf/tex/latex/base/report.cls
Document Class: report 2021/10/04 v1.4n Standard LaTeX document class
(/nix/store/08rxkiywagh695h777fgmyqjvj56s3z1-texlive-combined-full-2021-final/share/texmf/tex/latex/base/size12.clo
File: size12.clo 2021/10/04 v1.4n Standard LaTeX file (size option)
)
\c@part=\count185
\c@chapter=\count186
\c@section=\count187
\c@subsection=\count188
\c@subsubsection=\count189
\c@paragraph=\count190
\c@subparagraph=\count191
\c@figure=\count192
\c@table=\count193
\abovecaptionskip=\skip47
\belowcaptionskip=\skip48
\bibindent=\dimen138
) (../preamble.tex

../preamble.tex:1: LaTeX Error: Two \documentclass or \documentstyle commands.

See the LaTeX manual or LaTeX Companion for explanation.
Type  H <return>  for immediate help.
 ...                                              
                                                  
l.1 \documentclass[oneside]{
                            book}
The document may only declare one class.

(/nix/store/08rxkiywagh695h777fgmyqjvj56s3z1-texlive-combined-full-2021-final/share/texmf/tex/generic/babel/babel.sty
Package: babel 2022/02/26 3.73 The Babel package
\babel@savecnt=\count194
\U@D=\dimen139
\l@unhyphenated=\language87
 (/nix/store/08rxkiywagh695h777fgmyqjvj56s3z1-texlive-combined-full-2021-final/share/texmf/tex/generic/babel/txtbabel.def)
\bbl@readstream=\read2
\bbl@dirlevel=\count195
 (/nix/store/08rxkiywagh695h777fgmyqjvj56s3z1-texlive-combined-full-2021-final/share/texmf/tex/generic/babel-spanish/spanish.ldf
Language: spanish.ldf 2021/05/27 v5.0q Spanish support from the babel system
\es@quottoks=\toks16
\es@quotdepth=\count196
Package babel Info: Making " an active character on input line 570.
Package babel Info: Making . an active character on input line 675.
Package babel Info: Making < an active character on input line 722.
Package babel Info: Making > an active character on input line 722.
)) (/nix/store/08rxkiywagh695h777fgmyqjvj56s3z1-texlive-combined-full-2021-final/share/texmf/tex/latex/pgf/frontendlayer/tikz.sty (/nix/store/08rxkiywagh695h777fgmyqjvj56s3z1-texlive-combined-full-2021-final/share/texmf/tex/latex/pgf/basiclayer/pgf.sty (/nix/store/08rxkiywagh695h777fgmyqjvj56s3z1-texlive-combined-full-2021-final/share/texmf/tex/latex/pgf/utilities/pgfrcs.sty (/nix/store/08rxkiywagh695h777fgmyqjvj56s3z1-texlive-combined-full-2021-final/share/texmf/tex/generic/pgf/utilities/pgfutil-common.tex
\pgfutil@everybye=\toks17
\pgfutil@tempdima=\dimen140
\pgfutil@tempdimb=\dimen141
 (/nix/store/08rxkiywagh695h777fgmyqjvj56s3z1-texlive-combined-full-2021-final/share/texmf/tex/generic/pgf/utilities/pgfutil-common-lists.tex)) (/nix/store/08rxkiywagh695h777fgmyqjvj56s3z1-texlive-combined-full-2021-final/share/texmf/tex/generic/pgf/utilities/pgfutil-latex.def
\pgfutil@abb=\box50
) (/nix/store/08rxkiywagh695h777fgmyqjvj56s3z1-texlive-combined-full-2021-final/share/texmf/tex/generic/pgf/utilities/pgfrcs.code.tex (/nix/store/08rxkiywagh695h777fgmyqjvj56s3z1-texlive-combined-full-2021-final/share/texmf/tex/generic/pgf/pgf.revision.tex)
Package: pgfrcs 2021/05/15 v3.1.9a (3.1.9a)
))
Package: pgf 2021/05/15 v3.1.9a (3.1.9a)
 (/nix/store/08rxkiywagh695h777fgmyqjvj56s3z1-texlive-combined-full-2021-final/share/texmf/tex/latex/pgf/basiclayer/pgfcore.sty (/nix/store/08rxkiywagh695h777fgmyqjvj56s3z1-texlive-combined-full-2021-final/share/texmf/tex/latex/graphics/graphicx.sty
Package: graphicx 2021/09/16 v1.2d Enhanced LaTeX Graphics (DPC,SPQR)
 (/nix/store/08rxkiywagh695h777fgmyqjvj56s3z1-texlive-combined-full-2021-final/share/texmf/tex/latex/graphics/keyval.sty
Package: keyval 2014/10/28 v1.15 key=value parser (DPC)
\KV@toks@=\toks18
) (/nix/store/08rxkiywagh695h777fgmyqjvj56s3z1-texlive-combined-full-2021-final/share/texmf/tex/latex/graphics/graphics.sty
Package: graphics 2021/03/04 v1.4d Standard LaTeX Graphics (DPC,SPQR)

(/nix/store/08rxkiywagh695h777fgmyqjvj56s3z1-texlive-combined-full-2021-final/share/texmf/tex/latex/graphics/trig.sty
Package: trig 2021/08/11 v1.11 sin cos tan (DPC)
) (/nix/store/08rxkiywagh695h777fgmyqjvj56s3z1-texlive-combined-full-2021-final/share/texmf/tex/latex/graphics-cfg/graphics.cfg
File: graphics.cfg 2016/06/04 v1.11 sample graphics configuration
)
Package graphics Info: Driver file: pdftex.def on input line 107.
 (/nix/store/08rxkiywagh695h777fgmyqjvj56s3z1-texlive-combined-full-2021-final/share/texmf/tex/latex/graphics-def/pdftex.def
File: pdftex.def 2020/10/05 v1.2a Graphics/color driver for pdftex
))
\Gin@req@height=\dimen142
\Gin@req@width=\dimen143
) (/nix/store/08rxkiywagh695h777fgmyqjvj56s3z1-texlive-combined-full-2021-final/share/texmf/tex/latex/pgf/systemlayer/pgfsys.sty (/nix/store/08rxkiywagh695h777fgmyqjvj56s3z1-texlive-combined-full-2021-final/share/texmf/tex/generic/pgf/systemlayer/pgfsys.code.tex
Package: pgfsys 2021/05/15 v3.1.9a (3.1.9a)
 (/nix/store/08rxkiywagh695h777fgmyqjvj56s3z1-texlive-combined-full-2021-final/share/texmf/tex/generic/pgf/utilities/pgfkeys.code.tex
\pgfkeys@pathtoks=\toks19
\pgfkeys@temptoks=\toks20
 (/nix/store/08rxkiywagh695h777fgmyqjvj56s3z1-texlive-combined-full-2021-final/share/texmf/tex/generic/pgf/utilities/pgfkeysfiltered.code.tex
\pgfkeys@tmptoks=\toks21
))
\pgf@x=\dimen144
\pgf@y=\dimen145
\pgf@xa=\dimen146
\pgf@ya=\dimen147
\pgf@xb=\dimen148
\pgf@yb=\dimen149
\pgf@xc=\dimen150
\pgf@yc=\dimen151
\pgf@xd=\dimen152
\pgf@yd=\dimen153
\w@pgf@writea=\write3
\r@pgf@reada=\read3
\c@pgf@counta=\count197
\c@pgf@countb=\count198
\c@pgf@countc=\count199
\c@pgf@countd=\count266
\t@pgf@toka=\toks22
\t@pgf@tokb=\toks23
\t@pgf@tokc=\toks24
\pgf@sys@id@count=\count267
 (/nix/store/08rxkiywagh695h777fgmyqjvj56s3z1-texlive-combined-full-2021-final/share/texmf/tex/generic/pgf/systemlayer/pgf.cfg
File: pgf.cfg 2021/05/15 v3.1.9a (3.1.9a)
)
Driver file for pgf: pgfsys-pdftex.def
 (/nix/store/08rxkiywagh695h777fgmyqjvj56s3z1-texlive-combined-full-2021-final/share/texmf/tex/generic/pgf/systemlayer/pgfsys-pdftex.def
File: pgfsys-pdftex.def 2021/05/15 v3.1.9a (3.1.9a)
 (/nix/store/08rxkiywagh695h777fgmyqjvj56s3z1-texlive-combined-full-2021-final/share/texmf/tex/generic/pgf/systemlayer/pgfsys-common-pdf.def
File: pgfsys-common-pdf.def 2021/05/15 v3.1.9a (3.1.9a)
))) (/nix/store/08rxkiywagh695h777fgmyqjvj56s3z1-texlive-combined-full-2021-final/share/texmf/tex/generic/pgf/systemlayer/pgfsyssoftpath.code.tex
File: pgfsyssoftpath.code.tex 2021/05/15 v3.1.9a (3.1.9a)
\pgfsyssoftpath@smallbuffer@items=\count268
\pgfsyssoftpath@bigbuffer@items=\count269
) (/nix/store/08rxkiywagh695h777fgmyqjvj56s3z1-texlive-combined-full-2021-final/share/texmf/tex/generic/pgf/systemlayer/pgfsysprotocol.code.tex
File: pgfsysprotocol.code.tex 2021/05/15 v3.1.9a (3.1.9a)
)) (/nix/store/08rxkiywagh695h777fgmyqjvj56s3z1-texlive-combined-full-2021-final/share/texmf/tex/latex/xcolor/xcolor.sty
Package: xcolor 2021/10/31 v2.13 LaTeX color extensions (UK)
 (/nix/store/08rxkiywagh695h777fgmyqjvj56s3z1-texlive-combined-full-2021-final/share/texmf/tex/latex/graphics-cfg/color.cfg
File: color.cfg 2016/01/02 v1.6 sample color configuration
)
Package xcolor Info: Driver file: pdftex.def on input line 227.
Package xcolor Info: Model `cmy' substituted by `cmy0' on input line 1352.
Package xcolor Info: Model `hsb' substituted by `rgb' on input line 1356.
Package xcolor Info: Model `RGB' extended on input line 1368.
Package xcolor Info: Model `HTML' substituted by `rgb' on input line 1370.
Package xcolor Info: Model `Hsb' substituted by `hsb' on input line 1371.
Package xcolor Info: Model `tHsb' substituted by `hsb' on input line 1372.
Package xcolor Info: Model `HSB' substituted by `hsb' on input line 1373.
Package xcolor Info: Model `Gray' substituted by `gray' on input line 1374.
Package xcolor Info: Model `wave' substituted by `hsb' on input line 1375.
) (/nix/store/08rxkiywagh695h777fgmyqjvj56s3z1-texlive-combined-full-2021-final/share/texmf/tex/generic/pgf/basiclayer/pgfcore.code.tex
Package: pgfcore 2021/05/15 v3.1.9a (3.1.9a)

(/nix/store/08rxkiywagh695h777fgmyqjvj56s3z1-texlive-combined-full-2021-final/share/texmf/tex/generic/pgf/math/pgfmath.code.tex (/nix/store/08rxkiywagh695h777fgmyqjvj56s3z1-texlive-combined-full-2021-final/share/texmf/tex/generic/pgf/math/pgfmathcalc.code.tex (/nix/store/08rxkiywagh695h777fgmyqjvj56s3z1-texlive-combined-full-2021-final/share/texmf/tex/generic/pgf/math/pgfmathutil.code.tex) (/nix/store/08rxkiywagh695h777fgmyqjvj56s3z1-texlive-combined-full-2021-final/share/texmf/tex/generic/pgf/math/pgfmathparser.code.tex
\pgfmath@dimen=\dimen154
\pgfmath@count=\count270
\pgfmath@box=\box51
\pgfmath@toks=\toks25
\pgfmath@stack@operand=\toks26
\pgfmath@stack@operation=\toks27
) (/nix/store/08rxkiywagh695h777fgmyqjvj56s3z1-texlive-combined-full-2021-final/share/texmf/tex/generic/pgf/math/pgfmathfunctions.code.tex (/nix/store/08rxkiywagh695h777fgmyqjvj56s3z1-texlive-combined-full-2021-final/share/texmf/tex/generic/pgf/math/pgfmathfunctions.basic.code.tex) (/nix/store/08rxkiywagh695h777fgmyqjvj56s3z1-texlive-combined-full-2021-final/share/texmf/tex/generic/pgf/math/pgfmathfunctions.trigonometric.code.tex) (/nix/store/08rxkiywagh695h777fgmyqjvj56s3z1-texlive-combined-full-2021-final/share/texmf/tex/generic/pgf/math/pgfmathfunctions.random.code.tex) (/nix/store/08rxkiywagh695h777fgmyqjvj56s3z1-texlive-combined-full-2021-final/share/texmf/tex/generic/pgf/math/pgfmathfunctions.comparison.code.tex) (/nix/store/08rxkiywagh695h777fgmyqjvj56s3z1-texlive-combined-full-2021-final/share/texmf/tex/generic/pgf/math/pgfmathfunctions.base.code.tex) (/nix/store/08rxkiywagh695h777fgmyqjvj56s3z1-texlive-combined-full-2021-final/share/texmf/tex/generic/pgf/math/pgfmathfunctions.round.code.tex) (/nix/store/08rxkiywagh695h777fgmyqjvj56s3z1-texlive-combined-full-2021-final/share/texmf/tex/generic/pgf/math/pgfmathfunctions.misc.code.tex) (/nix/store/08rxkiywagh695h777fgmyqjvj56s3z1-texlive-combined-full-2021-final/share/texmf/tex/generic/pgf/math/pgfmathfunctions.integerarithmetics.code.tex))) (/nix/store/08rxkiywagh695h777fgmyqjvj56s3z1-texlive-combined-full-2021-final/share/texmf/tex/generic/pgf/math/pgfmathfloat.code.tex
\c@pgfmathroundto@lastzeros=\count271
))
(/nix/store/08rxkiywagh695h777fgmyqjvj56s3z1-texlive-combined-full-2021-final/share/texmf/tex/generic/pgf/math/pgfint.code.tex) (/nix/store/08rxkiywagh695h777fgmyqjvj56s3z1-texlive-combined-full-2021-final/share/texmf/tex/generic/pgf/basiclayer/pgfcorepoints.code.tex
File: pgfcorepoints.code.tex 2021/05/15 v3.1.9a (3.1.9a)
\pgf@picminx=\dimen155
\pgf@picmaxx=\dimen156
\pgf@picminy=\dimen157
\pgf@picmaxy=\dimen158
\pgf@pathminx=\dimen159
\pgf@pathmaxx=\dimen160
\pgf@pathminy=\dimen161
\pgf@pathmaxy=\dimen162
\pgf@xx=\dimen163
\pgf@xy=\dimen164
\pgf@yx=\dimen165
\pgf@yy=\dimen166
\pgf@zx=\dimen167
\pgf@zy=\dimen168
) (/nix/store/08rxkiywagh695h777fgmyqjvj56s3z1-texlive-combined-full-2021-final/share/texmf/tex/generic/pgf/basiclayer/pgfcorepathconstruct.code.tex
File: pgfcorepathconstruct.code.tex 2021/05/15 v3.1.9a (3.1.9a)
\pgf@path@lastx=\dimen169
\pgf@path@lasty=\dimen170
) (/nix/store/08rxkiywagh695h777fgmyqjvj56s3z1-texlive-combined-full-2021-final/share/texmf/tex/generic/pgf/basiclayer/pgfcorepathusage.code.tex
File: pgfcorepathusage.code.tex 2021/05/15 v3.1.9a (3.1.9a)
\pgf@shorten@end@additional=\dimen171
\pgf@shorten@start@additional=\dimen172
) (/nix/store/08rxkiywagh695h777fgmyqjvj56s3z1-texlive-combined-full-2021-final/share/texmf/tex/generic/pgf/basiclayer/pgfcorescopes.code.tex
File: pgfcorescopes.code.tex 2021/05/15 v3.1.9a (3.1.9a)
\pgfpic=\box52
\pgf@hbox=\box53
\pgf@layerbox@main=\box54
\pgf@picture@serial@count=\count272
) (/nix/store/08rxkiywagh695h777fgmyqjvj56s3z1-texlive-combined-full-2021-final/share/texmf/tex/generic/pgf/basiclayer/pgfcoregraphicstate.code.tex
File: pgfcoregraphicstate.code.tex 2021/05/15 v3.1.9a (3.1.9a)
\pgflinewidth=\dimen173
) (/nix/store/08rxkiywagh695h777fgmyqjvj56s3z1-texlive-combined-full-2021-final/share/texmf/tex/generic/pgf/basiclayer/pgfcoretransformations.code.tex
File: pgfcoretransformations.code.tex 2021/05/15 v3.1.9a (3.1.9a)
\pgf@pt@x=\dimen174
\pgf@pt@y=\dimen175
\pgf@pt@temp=\dimen176
) (/nix/store/08rxkiywagh695h777fgmyqjvj56s3z1-texlive-combined-full-2021-final/share/texmf/tex/generic/pgf/basiclayer/pgfcorequick.code.tex
File: pgfcorequick.code.tex 2021/05/15 v3.1.9a (3.1.9a)
) (/nix/store/08rxkiywagh695h777fgmyqjvj56s3z1-texlive-combined-full-2021-final/share/texmf/tex/generic/pgf/basiclayer/pgfcoreobjects.code.tex
File: pgfcoreobjects.code.tex 2021/05/15 v3.1.9a (3.1.9a)
) (/nix/store/08rxkiywagh695h777fgmyqjvj56s3z1-texlive-combined-full-2021-final/share/texmf/tex/generic/pgf/basiclayer/pgfcorepathprocessing.code.tex
File: pgfcorepathprocessing.code.tex 2021/05/15 v3.1.9a (3.1.9a)
) (/nix/store/08rxkiywagh695h777fgmyqjvj56s3z1-texlive-combined-full-2021-final/share/texmf/tex/generic/pgf/basiclayer/pgfcorearrows.code.tex
File: pgfcorearrows.code.tex 2021/05/15 v3.1.9a (3.1.9a)
\pgfarrowsep=\dimen177
) (/nix/store/08rxkiywagh695h777fgmyqjvj56s3z1-texlive-combined-full-2021-final/share/texmf/tex/generic/pgf/basiclayer/pgfcoreshade.code.tex
File: pgfcoreshade.code.tex 2021/05/15 v3.1.9a (3.1.9a)
\pgf@max=\dimen178
\pgf@sys@shading@range@num=\count273
\pgf@shadingcount=\count274
) (/nix/store/08rxkiywagh695h777fgmyqjvj56s3z1-texlive-combined-full-2021-final/share/texmf/tex/generic/pgf/basiclayer/pgfcoreimage.code.tex
File: pgfcoreimage.code.tex 2021/05/15 v3.1.9a (3.1.9a)
 (/nix/store/08rxkiywagh695h777fgmyqjvj56s3z1-texlive-combined-full-2021-final/share/texmf/tex/generic/pgf/basiclayer/pgfcoreexternal.code.tex
File: pgfcoreexternal.code.tex 2021/05/15 v3.1.9a (3.1.9a)
\pgfexternal@startupbox=\box55
))
(/nix/store/08rxkiywagh695h777fgmyqjvj56s3z1-texlive-combined-full-2021-final/share/texmf/tex/generic/pgf/basiclayer/pgfcorelayers.code.tex
File: pgfcorelayers.code.tex 2021/05/15 v3.1.9a (3.1.9a)
) (/nix/store/08rxkiywagh695h777fgmyqjvj56s3z1-texlive-combined-full-2021-final/share/texmf/tex/generic/pgf/basiclayer/pgfcoretransparency.code.tex
File: pgfcoretransparency.code.tex 2021/05/15 v3.1.9a (3.1.9a)
) (/nix/store/08rxkiywagh695h777fgmyqjvj56s3z1-texlive-combined-full-2021-final/share/texmf/tex/generic/pgf/basiclayer/pgfcorepatterns.code.tex
File: pgfcorepatterns.code.tex 2021/05/15 v3.1.9a (3.1.9a)
) (/nix/store/08rxkiywagh695h777fgmyqjvj56s3z1-texlive-combined-full-2021-final/share/texmf/tex/generic/pgf/basiclayer/pgfcorerdf.code.tex
File: pgfcorerdf.code.tex 2021/05/15 v3.1.9a (3.1.9a)
))) (/nix/store/08rxkiywagh695h777fgmyqjvj56s3z1-texlive-combined-full-2021-final/share/texmf/tex/generic/pgf/modules/pgfmoduleshapes.code.tex
File: pgfmoduleshapes.code.tex 2021/05/15 v3.1.9a (3.1.9a)
\pgfnodeparttextbox=\box56
) (/nix/store/08rxkiywagh695h777fgmyqjvj56s3z1-texlive-combined-full-2021-final/share/texmf/tex/generic/pgf/modules/pgfmoduleplot.code.tex
File: pgfmoduleplot.code.tex 2021/05/15 v3.1.9a (3.1.9a)
) (/nix/store/08rxkiywagh695h777fgmyqjvj56s3z1-texlive-combined-full-2021-final/share/texmf/tex/latex/pgf/compatibility/pgfcomp-version-0-65.sty
Package: pgfcomp-version-0-65 2021/05/15 v3.1.9a (3.1.9a)
\pgf@nodesepstart=\dimen179
\pgf@nodesepend=\dimen180
) (/nix/store/08rxkiywagh695h777fgmyqjvj56s3z1-texlive-combined-full-2021-final/share/texmf/tex/latex/pgf/compatibility/pgfcomp-version-1-18.sty
Package: pgfcomp-version-1-18 2021/05/15 v3.1.9a (3.1.9a)
)) (/nix/store/08rxkiywagh695h777fgmyqjvj56s3z1-texlive-combined-full-2021-final/share/texmf/tex/latex/pgf/utilities/pgffor.sty (/nix/store/08rxkiywagh695h777fgmyqjvj56s3z1-texlive-combined-full-2021-final/share/texmf/tex/latex/pgf/utilities/pgfkeys.sty (/nix/store/08rxkiywagh695h777fgmyqjvj56s3z1-texlive-combined-full-2021-final/share/texmf/tex/generic/pgf/utilities/pgfkeys.code.tex)) (/nix/store/08rxkiywagh695h777fgmyqjvj56s3z1-texlive-combined-full-2021-final/share/texmf/tex/latex/pgf/math/pgfmath.sty (/nix/store/08rxkiywagh695h777fgmyqjvj56s3z1-texlive-combined-full-2021-final/share/texmf/tex/generic/pgf/math/pgfmath.code.tex)) (/nix/store/08rxkiywagh695h777fgmyqjvj56s3z1-texlive-combined-full-2021-final/share/texmf/tex/generic/pgf/utilities/pgffor.code.tex
Package: pgffor 2021/05/15 v3.1.9a (3.1.9a)

(/nix/store/08rxkiywagh695h777fgmyqjvj56s3z1-texlive-combined-full-2021-final/share/texmf/tex/generic/pgf/math/pgfmath.code.tex)
\pgffor@iter=\dimen181
\pgffor@skip=\dimen182
\pgffor@stack=\toks28
\pgffor@toks=\toks29
)) (/nix/store/08rxkiywagh695h777fgmyqjvj56s3z1-texlive-combined-full-2021-final/share/texmf/tex/generic/pgf/frontendlayer/tikz/tikz.code.tex
Package: tikz 2021/05/15 v3.1.9a (3.1.9a)
 (/nix/store/08rxkiywagh695h777fgmyqjvj56s3z1-texlive-combined-full-2021-final/share/texmf/tex/generic/pgf/libraries/pgflibraryplothandlers.code.tex
File: pgflibraryplothandlers.code.tex 2021/05/15 v3.1.9a (3.1.9a)
\pgf@plot@mark@count=\count275
\pgfplotmarksize=\dimen183
)
\tikz@lastx=\dimen184
\tikz@lasty=\dimen185
\tikz@lastxsaved=\dimen186
\tikz@lastysaved=\dimen187
\tikz@lastmovetox=\dimen188
\tikz@lastmovetoy=\dimen189
\tikzleveldistance=\dimen190
\tikzsiblingdistance=\dimen191
\tikz@figbox=\box57
\tikz@figbox@bg=\box58
\tikz@tempbox=\box59
\tikz@tempbox@bg=\box60
\tikztreelevel=\count276
\tikznumberofchildren=\count277
\tikznumberofcurrentchild=\count278
\tikz@fig@count=\count279
 (/nix/store/08rxkiywagh695h777fgmyqjvj56s3z1-texlive-combined-full-2021-final/share/texmf/tex/generic/pgf/modules/pgfmodulematrix.code.tex
File: pgfmodulematrix.code.tex 2021/05/15 v3.1.9a (3.1.9a)
\pgfmatrixcurrentrow=\count280
\pgfmatrixcurrentcolumn=\count281
\pgf@matrix@numberofcolumns=\count282
)
\tikz@expandcount=\count283
 (/nix/store/08rxkiywagh695h777fgmyqjvj56s3z1-texlive-combined-full-2021-final/share/texmf/tex/generic/pgf/frontendlayer/tikz/libraries/tikzlibrarytopaths.code.tex
File: tikzlibrarytopaths.code.tex 2021/05/15 v3.1.9a (3.1.9a)
))) (/nix/store/08rxkiywagh695h777fgmyqjvj56s3z1-texlive-combined-full-2021-final/share/texmf/tex/latex/amsfonts/amsfonts.sty
Package: amsfonts 2013/01/14 v3.01 Basic AMSFonts support
\@emptytoks=\toks30
\symAMSa=\mathgroup4
\symAMSb=\mathgroup5
LaTeX Font Info:    Redeclaring math symbol \hbar on input line 98.
LaTeX Font Info:    Overwriting math alphabet `\mathfrak' in version `bold'
(Font)                  U/euf/m/n --> U/euf/b/n on input line 106.
) (/nix/store/08rxkiywagh695h777fgmyqjvj56s3z1-texlive-combined-full-2021-final/share/texmf/tex/latex/jknapltx/mathrsfs.sty
Package: mathrsfs 1996/01/01 Math RSFS package v1.0 (jk)
\symrsfs=\mathgroup6
) (/nix/store/08rxkiywagh695h777fgmyqjvj56s3z1-texlive-combined-full-2021-final/share/texmf/tex/latex/amsfonts/amssymb.sty
Package: amssymb 2013/01/14 v3.01 AMS font symbols
) (/nix/store/08rxkiywagh695h777fgmyqjvj56s3z1-texlive-combined-full-2021-final/share/texmf/tex/latex/amsmath/amsmath.sty
Package: amsmath 2021/10/15 v2.17l AMS math features
\@mathmargin=\skip49

For additional information on amsmath, use the `?' option.
(/nix/store/08rxkiywagh695h777fgmyqjvj56s3z1-texlive-combined-full-2021-final/share/texmf/tex/latex/amsmath/amstext.sty
Package: amstext 2021/08/26 v2.01 AMS text
 (/nix/store/08rxkiywagh695h777fgmyqjvj56s3z1-texlive-combined-full-2021-final/share/texmf/tex/latex/amsmath/amsgen.sty
File: amsgen.sty 1999/11/30 v2.0 generic functions
\@emptytoks=\toks31
\ex@=\dimen192
)) (/nix/store/08rxkiywagh695h777fgmyqjvj56s3z1-texlive-combined-full-2021-final/share/texmf/tex/latex/amsmath/amsbsy.sty
Package: amsbsy 1999/11/29 v1.2d Bold Symbols
\pmbraise@=\dimen193
) (/nix/store/08rxkiywagh695h777fgmyqjvj56s3z1-texlive-combined-full-2021-final/share/texmf/tex/latex/amsmath/amsopn.sty
Package: amsopn 2021/08/26 v2.02 operator names
)
\inf@bad=\count284
LaTeX Info: Redefining \frac on input line 234.
\uproot@=\count285
\leftroot@=\count286
LaTeX Info: Redefining \overline on input line 399.
\classnum@=\count287
\DOTSCASE@=\count288
LaTeX Info: Redefining \ldots on input line 496.
LaTeX Info: Redefining \dots on input line 499.
LaTeX Info: Redefining \cdots on input line 620.
\Mathstrutbox@=\box61
\strutbox@=\box62
\big@size=\dimen194
LaTeX Font Info:    Redeclaring font encoding OML on input line 743.
LaTeX Font Info:    Redeclaring font encoding OMS on input line 744.
\macc@depth=\count289
\c@MaxMatrixCols=\count290
\dotsspace@=\muskip16
\c@parentequation=\count291
\dspbrk@lvl=\count292
\tag@help=\toks32
\row@=\count293
\column@=\count294
\maxfields@=\count295
\andhelp@=\toks33
\eqnshift@=\dimen195
\alignsep@=\dimen196
\tagshift@=\dimen197
\tagwidth@=\dimen198
\totwidth@=\dimen199
\lineht@=\dimen256
\@envbody=\toks34
\multlinegap=\skip50
\multlinetaggap=\skip51
\mathdisplay@stack=\toks35
LaTeX Info: Redefining \[ on input line 2938.
LaTeX Info: Redefining \] on input line 2939.
) (/nix/store/08rxkiywagh695h777fgmyqjvj56s3z1-texlive-combined-full-2021-final/share/texmf/tex/latex/amscls/amsthm.sty
Package: amsthm 2020/05/29 v2.20.6
\thm@style=\toks36
\thm@bodyfont=\toks37
\thm@headfont=\toks38
\thm@notefont=\toks39
\thm@headpunct=\toks40
\thm@preskip=\skip52
\thm@postskip=\skip53
\thm@headsep=\skip54
\dth@everypar=\toks41
) (/nix/store/08rxkiywagh695h777fgmyqjvj56s3z1-texlive-combined-full-2021-final/share/texmf/tex/latex/setspace/setspace.sty
Package: setspace 2011/12/19 v6.7a set line spacing
) (/nix/store/08rxkiywagh695h777fgmyqjvj56s3z1-texlive-combined-full-2021-final/share/texmf/tex/latex/mdframed/mdframed.sty
Package: mdframed 2013/07/01 1.9b: mdframed
 (/nix/store/08rxkiywagh695h777fgmyqjvj56s3z1-texlive-combined-full-2021-final/share/texmf/tex/latex/kvoptions/kvoptions.sty
Package: kvoptions 2020-10-07 v3.14 Key value format for package options (HO)
 (/nix/store/08rxkiywagh695h777fgmyqjvj56s3z1-texlive-combined-full-2021-final/share/texmf/tex/generic/ltxcmds/ltxcmds.sty
Package: ltxcmds 2020-05-10 v1.25 LaTeX kernel commands for general use (HO)
) (/nix/store/08rxkiywagh695h777fgmyqjvj56s3z1-texlive-combined-full-2021-final/share/texmf/tex/generic/kvsetkeys/kvsetkeys.sty
Package: kvsetkeys 2019/12/15 v1.18 Key value parser (HO)
)) (/nix/store/08rxkiywagh695h777fgmyqjvj56s3z1-texlive-combined-full-2021-final/share/texmf/tex/latex/l3packages/xparse/xparse.sty (/nix/store/08rxkiywagh695h777fgmyqjvj56s3z1-texlive-combined-full-2021-final/share/texmf/tex/latex/l3kernel/expl3.sty
Package: expl3 2022-02-24 L3 programming layer (loader) 
 (/nix/store/08rxkiywagh695h777fgmyqjvj56s3z1-texlive-combined-full-2021-final/share/texmf/tex/latex/l3backend/l3backend-pdftex.def
File: l3backend-pdftex.def 2022-02-07 L3 backend support: PDF output (pdfTeX)
\l__color_backend_stack_int=\count296
\l__pdf_internal_box=\box63
))
Package: xparse 2022-01-12 L3 Experimental document command parser
) (/nix/store/08rxkiywagh695h777fgmyqjvj56s3z1-texlive-combined-full-2021-final/share/texmf/tex/latex/etoolbox/etoolbox.sty
Package: etoolbox 2020/10/05 v2.5k e-TeX tools for LaTeX (JAW)
\etb@tempcnta=\count297
) (/nix/store/08rxkiywagh695h777fgmyqjvj56s3z1-texlive-combined-full-2021-final/share/texmf/tex/latex/zref/zref-abspage.sty
Package: zref-abspage 2020-07-03 v2.32 Module abspage for zref (HO)
 (/nix/store/08rxkiywagh695h777fgmyqjvj56s3z1-texlive-combined-full-2021-final/share/texmf/tex/latex/zref/zref-base.sty
Package: zref-base 2020-07-03 v2.32 Module base for zref (HO)

(/nix/store/08rxkiywagh695h777fgmyqjvj56s3z1-texlive-combined-full-2021-final/share/texmf/tex/generic/infwarerr/infwarerr.sty
Package: infwarerr 2019/12/03 v1.5 Providing info/warning/error messages (HO)
) (/nix/store/08rxkiywagh695h777fgmyqjvj56s3z1-texlive-combined-full-2021-final/share/texmf/tex/generic/kvdefinekeys/kvdefinekeys.sty
Package: kvdefinekeys 2019-12-19 v1.6 Define keys (HO)
) (/nix/store/08rxkiywagh695h777fgmyqjvj56s3z1-texlive-combined-full-2021-final/share/texmf/tex/generic/pdftexcmds/pdftexcmds.sty
Package: pdftexcmds 2020-06-27 v0.33 Utility functions of pdfTeX for LuaTeX (HO)
 (/nix/store/08rxkiywagh695h777fgmyqjvj56s3z1-texlive-combined-full-2021-final/share/texmf/tex/generic/iftex/iftex.sty
Package: iftex 2022/02/03 v1.0f TeX engine tests
)
Package pdftexcmds Info: \pdf@primitive is available.
Package pdftexcmds Info: \pdf@ifprimitive is available.
Package pdftexcmds Info: \pdfdraftmode found.
) (/nix/store/08rxkiywagh695h777fgmyqjvj56s3z1-texlive-combined-full-2021-final/share/texmf/tex/generic/etexcmds/etexcmds.sty
Package: etexcmds 2019/12/15 v1.7 Avoid name clashes with e-TeX commands (HO)
) (/nix/store/08rxkiywagh695h777fgmyqjvj56s3z1-texlive-combined-full-2021-final/share/texmf/tex/latex/auxhook/auxhook.sty
Package: auxhook 2019-12-17 v1.6 Hooks for auxiliary files (HO)
)
Package zref Info: New property list: main on input line 764.
Package zref Info: New property: default on input line 765.
Package zref Info: New property: page on input line 766.
) (/nix/store/08rxkiywagh695h777fgmyqjvj56s3z1-texlive-combined-full-2021-final/share/texmf/tex/latex/base/atbegshi-ltx.sty
Package: atbegshi-ltx 2021/01/10 v1.0c Emulation of the original atbegshi
package with kernel methods
)
\c@abspage=\count298
Package zref Info: New property: abspage on input line 66.
) (/nix/store/08rxkiywagh695h777fgmyqjvj56s3z1-texlive-combined-full-2021-final/share/texmf/tex/latex/needspace/needspace.sty
Package: needspace 2010/09/12 v1.3d reserve vertical space
)
\mdf@templength=\skip55
\c@mdf@globalstyle@cnt=\count299
\mdf@skipabove@length=\skip56
\mdf@skipbelow@length=\skip57
\mdf@leftmargin@length=\skip58
\mdf@rightmargin@length=\skip59
\mdf@innerleftmargin@length=\skip60
\mdf@innerrightmargin@length=\skip61
\mdf@innertopmargin@length=\skip62
\mdf@innerbottommargin@length=\skip63
\mdf@splittopskip@length=\skip64
\mdf@splitbottomskip@length=\skip65
\mdf@outermargin@length=\skip66
\mdf@innermargin@length=\skip67
\mdf@linewidth@length=\skip68
\mdf@innerlinewidth@length=\skip69
\mdf@middlelinewidth@length=\skip70
\mdf@outerlinewidth@length=\skip71
\mdf@roundcorner@length=\skip72
\mdf@footenotedistance@length=\skip73
\mdf@userdefinedwidth@length=\skip74
\mdf@needspace@length=\skip75
\mdf@frametitleaboveskip@length=\skip76
\mdf@frametitlebelowskip@length=\skip77
\mdf@frametitlerulewidth@length=\skip78
\mdf@frametitleleftmargin@length=\skip79
\mdf@frametitlerightmargin@length=\skip80
\mdf@shadowsize@length=\skip81
\mdf@extratopheight@length=\skip82
\mdf@subtitleabovelinewidth@length=\skip83
\mdf@subtitlebelowlinewidth@length=\skip84
\mdf@subtitleaboveskip@length=\skip85
\mdf@subtitlebelowskip@length=\skip86
\mdf@subtitleinneraboveskip@length=\skip87
\mdf@subtitleinnerbelowskip@length=\skip88
\mdf@subsubtitleabovelinewidth@length=\skip89
\mdf@subsubtitlebelowlinewidth@length=\skip90
\mdf@subsubtitleaboveskip@length=\skip91
\mdf@subsubtitlebelowskip@length=\skip92
\mdf@subsubtitleinneraboveskip@length=\skip93
\mdf@subsubtitleinnerbelowskip@length=\skip94
 (/nix/store/08rxkiywagh695h777fgmyqjvj56s3z1-texlive-combined-full-2021-final/share/texmf/tex/latex/mdframed/md-frame-0.mdf
File: md-frame-0.mdf 2013/07/01\ 1.9b: md-frame-0
)
\mdf@frametitlebox=\box64
\mdf@footnotebox=\box65
\mdf@splitbox@one=\box66
\mdf@splitbox@two=\box67
\mdf@splitbox@save=\box68
\mdfsplitboxwidth=\skip95
\mdfsplitboxtotalwidth=\skip96
\mdfsplitboxheight=\skip97
\mdfsplitboxdepth=\skip98
\mdfsplitboxtotalheight=\skip99
\mdfframetitleboxwidth=\skip100
\mdfframetitleboxtotalwidth=\skip101
\mdfframetitleboxheight=\skip102
\mdfframetitleboxdepth=\skip103
\mdfframetitleboxtotalheight=\skip104
\mdffootnoteboxwidth=\skip105
\mdffootnoteboxtotalwidth=\skip106
\mdffootnoteboxheight=\skip107
\mdffootnoteboxdepth=\skip108
\mdffootnoteboxtotalheight=\skip109
\mdftotallinewidth=\skip110
\mdfboundingboxwidth=\skip111
\mdfboundingboxtotalwidth=\skip112
\mdfboundingboxheight=\skip113
\mdfboundingboxdepth=\skip114
\mdfboundingboxtotalheight=\skip115
\mdf@freevspace@length=\skip116
\mdf@horizontalwidthofbox@length=\skip117
\mdf@verticalmarginwhole@length=\skip118
\mdf@horizontalspaceofbox=\skip119
\mdfsubtitleheight=\skip120
\mdfsubsubtitleheight=\skip121
\c@mdfcountframes=\count300

****** mdframed patching \endmdf@trivlist

****** -- success******

\mdf@envdepth=\count301
\c@mdf@env@i=\count302
\c@mdf@env@ii=\count303
\c@mdf@zref@counter=\count304
Package zref Info: New property: mdf@pagevalue on input line 895.
) (/nix/store/08rxkiywagh695h777fgmyqjvj56s3z1-texlive-combined-full-2021-final/share/texmf/tex/latex/enumitem/enumitem.sty
Package: enumitem 2019/06/20 v3.9 Customized lists
\labelindent=\skip122
\enit@outerparindent=\dimen257
\enit@toks=\toks42
\enit@inbox=\box69
\enit@count@id=\count305
\enitdp@description=\count306
) (/nix/store/08rxkiywagh695h777fgmyqjvj56s3z1-texlive-combined-full-2021-final/share/texmf/tex/latex/mathtools/mathtools.sty
Package: mathtools 2022/02/07 v1.28a mathematical typesetting tools
 (/nix/store/08rxkiywagh695h777fgmyqjvj56s3z1-texlive-combined-full-2021-final/share/texmf/tex/latex/tools/calc.sty
Package: calc 2017/05/25 v4.3 Infix arithmetic (KKT,FJ)
\calc@Acount=\count307
\calc@Bcount=\count308
\calc@Adimen=\dimen258
\calc@Bdimen=\dimen259
\calc@Askip=\skip123
\calc@Bskip=\skip124
LaTeX Info: Redefining \setlength on input line 80.
LaTeX Info: Redefining \addtolength on input line 81.
\calc@Ccount=\count309
\calc@Cskip=\skip125
) (/nix/store/08rxkiywagh695h777fgmyqjvj56s3z1-texlive-combined-full-2021-final/share/texmf/tex/latex/mathtools/mhsetup.sty
Package: mhsetup 2021/03/18 v1.4 programming setup (MH)
)
\g_MT_multlinerow_int=\count310
\l_MT_multwidth_dim=\dimen260
\origjot=\skip126
\l_MT_shortvdotswithinadjustabove_dim=\dimen261
\l_MT_shortvdotswithinadjustbelow_dim=\dimen262
\l_MT_above_intertext_sep=\dimen263
\l_MT_below_intertext_sep=\dimen264
\l_MT_above_shortintertext_sep=\dimen265
\l_MT_below_shortintertext_sep=\dimen266
\xmathstrut@box=\box70
\xmathstrut@dim=\dimen267
) (/nix/store/08rxkiywagh695h777fgmyqjvj56s3z1-texlive-combined-full-2021-final/share/texmf/tex/latex/bbm-macros/bbm.sty
Package: bbm 1999/03/15 V 1.2 provides fonts for set symbols - TH
LaTeX Font Info:    Overwriting math alphabet `\mathbbm' in version `bold'
(Font)                  U/bbm/m/n --> U/bbm/bx/n on input line 33.
LaTeX Font Info:    Overwriting math alphabet `\mathbbmss' in version `bold'
(Font)                  U/bbmss/m/n --> U/bbmss/bx/n on input line 35.
) (/nix/store/08rxkiywagh695h777fgmyqjvj56s3z1-texlive-combined-full-2021-final/share/texmf/tex/latex/import/import.sty
Package: import 2020/04/01  v 6.2
) (/nix/store/08rxkiywagh695h777fgmyqjvj56s3z1-texlive-combined-full-2021-final/share/texmf/tex/latex/pdfpages/pdfpages.sty
Package: pdfpages 2022/01/29 v0.5u Insert pages of external PDF documents (AM)

(/nix/store/08rxkiywagh695h777fgmyqjvj56s3z1-texlive-combined-full-2021-final/share/texmf/tex/latex/base/ifthen.sty
Package: ifthen 2020/11/24 v1.1c Standard LaTeX ifthen package (DPC)
) (/nix/store/08rxkiywagh695h777fgmyqjvj56s3z1-texlive-combined-full-2021-final/share/texmf/tex/latex/eso-pic/eso-pic.sty
Package: eso-pic 2020/10/14 v3.0a eso-pic (RN)
\ESO@tempdima=\dimen268
\ESO@tempdimb=\dimen269
)
\AM@pagewidth=\dimen270
\AM@pageheight=\dimen271
\AM@fboxrule=\dimen272
 (/nix/store/08rxkiywagh695h777fgmyqjvj56s3z1-texlive-combined-full-2021-final/share/texmf/tex/latex/pdfpages/pppdftex.def
File: pppdftex.def 2022/01/29 v0.5u Pdfpages driver for pdfTeX (AM)
)
\pdfpages@includegraphics@status=\count311
\AM@pagebox=\box71
\AM@global@opts=\toks43
\AM@pagecnt=\count312
\AM@toc@title=\toks44
\c@AM@survey=\count313
\AM@templatesizebox=\box72
) (/nix/store/08rxkiywagh695h777fgmyqjvj56s3z1-texlive-combined-full-2021-final/share/texmf/tex/latex/transparent/transparent.sty
Package: transparent 2019/11/29 v1.4 Transparency via pdfTeX's color stack (HO)
) (/nix/store/08rxkiywagh695h777fgmyqjvj56s3z1-texlive-combined-full-2021-final/share/texmf/tex/latex/hyperref/hyperref.sty
Package: hyperref 2022-02-21 v7.00n Hypertext links for LaTeX
 (/nix/store/08rxkiywagh695h777fgmyqjvj56s3z1-texlive-combined-full-2021-final/share/texmf/tex/generic/pdfescape/pdfescape.sty
Package: pdfescape 2019/12/09 v1.15 Implements pdfTeX's escape features (HO)
) (/nix/store/08rxkiywagh695h777fgmyqjvj56s3z1-texlive-combined-full-2021-final/share/texmf/tex/latex/hycolor/hycolor.sty
Package: hycolor 2020-01-27 v1.10 Color options for hyperref/bookmark (HO)
) (/nix/store/08rxkiywagh695h777fgmyqjvj56s3z1-texlive-combined-full-2021-final/share/texmf/tex/latex/letltxmacro/letltxmacro.sty
Package: letltxmacro 2019/12/03 v1.6 Let assignment for LaTeX macros (HO)
)
\@linkdim=\dimen273
\Hy@linkcounter=\count314
\Hy@pagecounter=\count315
 (/nix/store/08rxkiywagh695h777fgmyqjvj56s3z1-texlive-combined-full-2021-final/share/texmf/tex/latex/hyperref/pd1enc.def
File: pd1enc.def 2022-02-21 v7.00n Hyperref: PDFDocEncoding definition (HO)
Now handling font encoding PD1 ...
... no UTF-8 mapping file for font encoding PD1
) (/nix/store/08rxkiywagh695h777fgmyqjvj56s3z1-texlive-combined-full-2021-final/share/texmf/tex/generic/intcalc/intcalc.sty
Package: intcalc 2019/12/15 v1.3 Expandable calculations with integers (HO)
)
\Hy@SavedSpaceFactor=\count316
 (/nix/store/08rxkiywagh695h777fgmyqjvj56s3z1-texlive-combined-full-2021-final/share/texmf/tex/latex/hyperref/puenc.def
File: puenc.def 2022-02-21 v7.00n Hyperref: PDF Unicode definition (HO)
Now handling font encoding PU ...
... no UTF-8 mapping file for font encoding PU
)
Package hyperref Info: Hyper figures OFF on input line 4137.
Package hyperref Info: Link nesting OFF on input line 4142.
Package hyperref Info: Hyper index ON on input line 4145.
Package hyperref Info: Plain pages OFF on input line 4152.
Package hyperref Info: Backreferencing OFF on input line 4157.
Package hyperref Info: Implicit mode ON; LaTeX internals redefined.
Package hyperref Info: Bookmarks ON on input line 4390.
\c@Hy@tempcnt=\count317
 (/nix/store/08rxkiywagh695h777fgmyqjvj56s3z1-texlive-combined-full-2021-final/share/texmf/tex/latex/url/url.sty
\Urlmuskip=\muskip17
Package: url 2013/09/16  ver 3.4  Verb mode for urls, etc.
)
LaTeX Info: Redefining \url on input line 4749.
\XeTeXLinkMargin=\dimen274
 (/nix/store/08rxkiywagh695h777fgmyqjvj56s3z1-texlive-combined-full-2021-final/share/texmf/tex/generic/bitset/bitset.sty
Package: bitset 2019/12/09 v1.3 Handle bit-vector datatype (HO)
 (/nix/store/08rxkiywagh695h777fgmyqjvj56s3z1-texlive-combined-full-2021-final/share/texmf/tex/generic/bigintcalc/bigintcalc.sty
Package: bigintcalc 2019/12/15 v1.5 Expandable calculations on big integers (HO)
))
\Fld@menulength=\count318
\Field@Width=\dimen275
\Fld@charsize=\dimen276
Package hyperref Info: Hyper figures OFF on input line 6027.
Package hyperref Info: Link nesting OFF on input line 6032.
Package hyperref Info: Hyper index ON on input line 6035.
Package hyperref Info: backreferencing OFF on input line 6042.
Package hyperref Info: Link coloring OFF on input line 6047.
Package hyperref Info: Link coloring with OCG OFF on input line 6052.
Package hyperref Info: PDF/A mode OFF on input line 6057.
LaTeX Info: Redefining \ref on input line 6097.
LaTeX Info: Redefining \pageref on input line 6101.
\Hy@abspage=\count319
\c@Item=\count320
\c@Hfootnote=\count321
)
Package hyperref Info: Driver (autodetected): hpdftex.
 (/nix/store/08rxkiywagh695h777fgmyqjvj56s3z1-texlive-combined-full-2021-final/share/texmf/tex/latex/hyperref/hpdftex.def
File: hpdftex.def 2022-02-21 v7.00n Hyperref driver for pdfTeX
 (/nix/store/08rxkiywagh695h777fgmyqjvj56s3z1-texlive-combined-full-2021-final/share/texmf/tex/latex/base/atveryend-ltx.sty
Package: atveryend-ltx 2020/08/19 v1.0a Emulation of the original atveryend package
with kernel methods
)
\HyAnn@Count=\count322
\Fld@listcount=\count323
\c@bookmark@seq@number=\count324

(/nix/store/08rxkiywagh695h777fgmyqjvj56s3z1-texlive-combined-full-2021-final/share/texmf/tex/latex/rerunfilecheck/rerunfilecheck.sty
Package: rerunfilecheck 2019/12/05 v1.9 Rerun checks for auxiliary files (HO)
 (/nix/store/08rxkiywagh695h777fgmyqjvj56s3z1-texlive-combined-full-2021-final/share/texmf/tex/generic/uniquecounter/uniquecounter.sty
Package: uniquecounter 2019/12/15 v1.4 Provide unlimited unique counter (HO)
)
Package uniquecounter Info: New unique counter `rerunfilecheck' on input line 286.
)
\Hy@SectionHShift=\skip127
)
Package hyperref Info: Option `colorlinks' set `true' on input line 25.
\c@theo=\count325
\c@cor=\count326
\c@lem=\count327
\c@defn=\count328
\c@prop=\count329
\c@ejr=\count330


../preamble.tex:85: LaTeX Error: Command \exp already defined.
               Or name \end... illegal, see p.192 of the manual.

See the LaTeX manual or LaTeX Companion for explanation.
Type  H <return>  for immediate help.
 ...                                              
                                                  
l.85 \DeclareMathOperator{\exp}{exp}
                                    
Your command was ignored.
Type  I <command> <return>  to replace it with another command,
or  <return>  to continue without it.

) (./master.aux
LaTeX Info: Redefining \. on input line 10.
LaTeX Info: Redefining \% on input line 10.
)
\openout1 = `master.aux'.

LaTeX Font Info:    Checking defaults for OML/cmm/m/it on input line 6.
LaTeX Font Info:    ... okay on input line 6.
LaTeX Font Info:    Checking defaults for OMS/cmsy/m/n on input line 6.
LaTeX Font Info:    ... okay on input line 6.
LaTeX Font Info:    Checking defaults for OT1/cmr/m/n on input line 6.
LaTeX Font Info:    ... okay on input line 6.
LaTeX Font Info:    Checking defaults for T1/cmr/m/n on input line 6.
LaTeX Font Info:    ... okay on input line 6.
LaTeX Font Info:    Checking defaults for TS1/cmr/m/n on input line 6.
LaTeX Font Info:    ... okay on input line 6.
LaTeX Font Info:    Checking defaults for OMX/cmex/m/n on input line 6.
LaTeX Font Info:    ... okay on input line 6.
LaTeX Font Info:    Checking defaults for U/cmr/m/n on input line 6.
LaTeX Font Info:    ... okay on input line 6.
LaTeX Font Info:    Checking defaults for PD1/pdf/m/n on input line 6.
LaTeX Font Info:    ... okay on input line 6.
LaTeX Font Info:    Checking defaults for PU/pdf/m/n on input line 6.
LaTeX Font Info:    ... okay on input line 6.
LaTeX Info: Redefining \. on input line 6.
LaTeX Info: Redefining \% on input line 6.
 (/nix/store/08rxkiywagh695h777fgmyqjvj56s3z1-texlive-combined-full-2021-final/share/texmf/tex/context/base/mkii/supp-pdf.mkii
[Loading MPS to PDF converter (version 2006.09.02).]
\scratchcounter=\count331
\scratchdimen=\dimen277
\scratchbox=\box73
\nofMPsegments=\count332
\nofMParguments=\count333
\everyMPshowfont=\toks45
\MPscratchCnt=\count334
\MPscratchDim=\dimen278
\MPnumerator=\count335
\makeMPintoPDFobject=\count336
\everyMPtoPDFconversion=\toks46
) (/nix/store/08rxkiywagh695h777fgmyqjvj56s3z1-texlive-combined-full-2021-final/share/texmf/tex/latex/epstopdf-pkg/epstopdf-base.sty
Package: epstopdf-base 2020-01-24 v2.11 Base part for package epstopdf
Package epstopdf-base Info: Redefining graphics rule for `.eps' on input line 485.
 (/nix/store/08rxkiywagh695h777fgmyqjvj56s3z1-texlive-combined-full-2021-final/share/texmf/tex/latex/latexconfig/epstopdf-sys.cfg
File: epstopdf-sys.cfg 2010/07/13 v1.3 Configuration of (r)epstopdf for TeX Live
)) (/nix/store/08rxkiywagh695h777fgmyqjvj56s3z1-texlive-combined-full-2021-final/share/texmf/tex/latex/pdflscape/pdflscape.sty
Package: pdflscape 2019/12/05 v0.12 Display of landscape pages in PDF (HO)
 (/nix/store/08rxkiywagh695h777fgmyqjvj56s3z1-texlive-combined-full-2021-final/share/texmf/tex/latex/graphics/lscape.sty
Package: lscape 2020/05/28 v3.02 Landscape Pages (DPC)
)
Package pdflscape Info: Auto-detected driver: pdftex on input line 81.
)
Package hyperref Info: Link coloring ON on input line 6.
 (/nix/store/08rxkiywagh695h777fgmyqjvj56s3z1-texlive-combined-full-2021-final/share/texmf/tex/latex/hyperref/nameref.sty
Package: nameref 2021-04-02 v2.47 Cross-referencing by name of section
 (/nix/store/08rxkiywagh695h777fgmyqjvj56s3z1-texlive-combined-full-2021-final/share/texmf/tex/latex/refcount/refcount.sty
Package: refcount 2019/12/15 v3.6 Data extraction from label references (HO)
) (/nix/store/08rxkiywagh695h777fgmyqjvj56s3z1-texlive-combined-full-2021-final/share/texmf/tex/generic/gettitlestring/gettitlestring.sty
Package: gettitlestring 2019/12/15 v1.6 Cleanup title references (HO)
)
\c@section@level=\count337
)
LaTeX Info: Redefining \ref on input line 6.
LaTeX Info: Redefining \pageref on input line 6.
LaTeX Info: Redefining \nameref on input line 6.
\@outlinefile=\write4
\openout4 = `master.out'.

LaTeX Font Info:    Trying to load font information for U+msa on input line 8.
 (/nix/store/08rxkiywagh695h777fgmyqjvj56s3z1-texlive-combined-full-2021-final/share/texmf/tex/latex/amsfonts/umsa.fd
File: umsa.fd 2013/01/14 v3.01 AMS symbols A
)
LaTeX Font Info:    Trying to load font information for U+msb on input line 8.
 (/nix/store/08rxkiywagh695h777fgmyqjvj56s3z1-texlive-combined-full-2021-final/share/texmf/tex/latex/amsfonts/umsb.fd
File: umsb.fd 2013/01/14 v3.01 AMS symbols B
)
LaTeX Font Info:    Trying to load font information for U+rsfs on input line 8.
 (/nix/store/08rxkiywagh695h777fgmyqjvj56s3z1-texlive-combined-full-2021-final/share/texmf/tex/latex/jknapltx/ursfs.fd
File: ursfs.fd 1998/03/24 rsfs font definition file (jk)
) [1

{/nix/store/08rxkiywagh695h777fgmyqjvj56s3z1-texlive-combined-full-2021-final/share/texmf-var/fonts/map/pdftex/updmap/pdftex.map}]

Package hyperref Warning: old toc file detected, not used; run LaTeX again.

\tf@toc=\write5
\openout5 = `master.toc'.

(./ej_25_curvas.texpdfTeX warning (ext4): destination with the same identifier (name{page.1}) has been already used, duplicate ignored
<to be read again> 
                   \relax 
l.2 \chapter
            {Curvas} [1

]
Cap\'{\i }tulo 1.
Package mdframed Info: mdframed detected package amsthm 
 changed the theorem header of amsthm
(mdframed)              on input line 4.
LaTeX Font Info:    Font shape `OT1/cmss/m/it' in size <12> not available
(Font)              Font shape `OT1/cmss/m/sl' tried instead on input line 4.
) (./ej_35_curvas.tex
Package mdframed Info: mdframed detected package amsthm 
 changed the theorem header of amsthm
(mdframed)              on input line 2.


LaTeX Font Warning: Font shape `OT1/cmss/m/scit' undefined
(Font)              using `OT1/cmss/m/sc' instead on input line 5.


LaTeX Font Warning: Font shape `OT1/cmss/m/sc' in size <12> not available
(Font)              Font shape `OT1/cmr/m/sc' tried instead on input line 5.


LaTeX Font Warning: Font shape `OT1/cmss/m/scit' undefined
(Font)              using `OT1/cmss/m/sc' instead on input line 6.

Package mdframed Info: Not enough space on this page on input line 8.
[2

]
Package mdframed Info: Not enough space on this page on input line 8.

Underfull \hbox (badness 10000) in paragraph at lines 27--29

 []


Underfull \hbox (badness 10000) in paragraph at lines 34--36

 []


Underfull \hbox (badness 10000) in paragraph at lines 52--62

 []

LaTeX Font Info:    Font shape `OT1/cmss/m/it' in size <8> not available
(Font)              Font shape `OT1/cmss/m/sl' tried instead on input line 67.
LaTeX Font Info:    Font shape `OT1/cmss/m/it' in size <6> not available
(Font)              Font shape `OT1/cmss/m/sl' tried instead on input line 67.
[3]) (./ej_40_curvas.tex
Package mdframed Info: mdframed detected package amsthm 
 changed the theorem header of amsthm
(mdframed)              on input line 1.
) (./ej_01_superficies1.tex [4]
Cap\'{\i }tulo 2.
Package mdframed Info: mdframed detected package amsthm 
 changed the theorem header of amsthm
(mdframed)              on input line 3.

Underfull \hbox (badness 10000) in paragraph at lines 8--9

 []


Underfull \hbox (badness 10000) in paragraph at lines 10--11

 []

) (./ej_02_superficies1.tex
Package mdframed Info: mdframed detected package amsthm 
 changed the theorem header of amsthm
(mdframed)              on input line 1.


LaTeX Font Warning: Font shape `OT1/cmss/m/scit' undefined
(Font)              using `OT1/cmss/m/sc' instead on input line 4.


LaTeX Font Warning: Font shape `OT1/cmss/m/scit' undefined
(Font)              using `OT1/cmss/m/sc' instead on input line 5.


LaTeX Font Warning: Font shape `OT1/cmss/m/scit' undefined
(Font)              using `OT1/cmss/m/sc' instead on input line 12.

[5

]

LaTeX Font Warning: Font shape `OT1/cmss/m/scit' undefined
(Font)              using `OT1/cmss/m/sc' instead on input line 25.

) (./ej_03_superficies1.tex
Package mdframed Info: mdframed detected package amsthm 
 changed the theorem header of amsthm
(mdframed)              on input line 1.

Underfull \hbox (badness 10000) in paragraph at lines 21--23

 []

[6]) (./ej_04_superficies1.tex
Package mdframed Info: mdframed detected package amsthm 
 changed the theorem header of amsthm
(mdframed)              on input line 1.

Underfull \hbox (badness 10000) in paragraph at lines 10--11

 []


Underfull \hbox (badness 10000) in paragraph at lines 38--40

 []

) (./ej_05_superficies1.tex
Package mdframed Info: mdframed detected package amsthm 
 changed the theorem header of amsthm
(mdframed)              on input line 1.


LaTeX Font Warning: Font shape `OT1/cmss/m/scit' undefined
(Font)              using `OT1/cmss/m/sc' instead on input line 4.


LaTeX Font Warning: Font shape `OT1/cmss/m/scit' undefined
(Font)              using `OT1/cmss/m/sc' instead on input line 13.

[7]
Package mdframed Info: Not enough space on this page on input line 15.


LaTeX Font Warning: Font shape `OT1/cmss/m/scit' undefined
(Font)              using `OT1/cmss/m/sc' instead on input line 20.


LaTeX Font Warning: Font shape `OT1/cmss/m/scit' undefined
(Font)              using `OT1/cmss/m/sc' instead on input line 63.

[8]) (./ej_11_superficies1.tex
Package mdframed Info: mdframed detected package amsthm 
 changed the theorem header of amsthm
(mdframed)              on input line 1.
) (./ej_01_superficies2.tex [9]
Cap\'{\i }tulo 3.
Package mdframed Info: mdframed detected package amsthm 
 changed the theorem header of amsthm
(mdframed)              on input line 3.
) (./ej_02_superficies2.tex
Package mdframed Info: mdframed detected package amsthm 
 changed the theorem header of amsthm
(mdframed)              on input line 1.
 [10

]) (./ej_04_superficies2.tex
Package mdframed Info: mdframed detected package amsthm 
 changed the theorem header of amsthm
(mdframed)              on input line 1.
) (./ej_05_superficies2.tex
Package mdframed Info: mdframed detected package amsthm 
 changed the theorem header of amsthm
(mdframed)              on input line 1.
) (./ej_07_superficies2.tex
Package mdframed Info: mdframed detected package amsthm 
 changed the theorem header of amsthm
(mdframed)              on input line 5.
 [11]
Package mdframed Info: Not enough space on this page on input line 7.
) (./ej_eval_cont.tex
Package mdframed Info: mdframed detected package amsthm 
 changed the theorem header of amsthm
(mdframed)              on input line 1.

Underfull \hbox (badness 10000) in paragraph at lines 15--16

 []


Underfull \hbox (badness 10000) in paragraph at lines 18--19

 []


Underfull \hbox (badness 10000) in paragraph at lines 21--22

 []

[12]
Underfull \hbox (badness 10000) in paragraph at lines 40--41

 []

) [13] (./master.aux
LaTeX Info: Redefining \. on input line 27.
LaTeX Info: Redefining \% on input line 27.
)

Package rerunfilecheck Warning: File `master.out' has changed.
(rerunfilecheck)                Rerun to get outlines right
(rerunfilecheck)                or use package `bookmark'.

Package rerunfilecheck Info: Checksums for `master.out':
(rerunfilecheck)             Before: <no file>
(rerunfilecheck)             After:  02D03AD8004C8A7328D39A6F4D0409E3;300.
 ) 
Here is how much of TeX's memory you used:
 24564 strings out of 478278
 474834 string characters out of 5819600
 749797 words of memory out of 5000000
 42241 multiletter control sequences out of 15000+600000
 481478 words of font info for 77 fonts, out of 8000000 for 9000
 1141 hyphenation exceptions out of 8191
 105i,12n,107p,719b,691s stack positions out of 5000i,500n,10000p,200000b,80000s
</nix/store/08rxkiywagh695h777fgmyqjvj56s3z1-texlive-combined-full-2021-final/share/texmf/fonts/type1/public/amsfonts/cm/cmcsc10.pfb></nix/store/08rxkiywagh695h777fgmyqjvj56s3z1-texlive-combined-full-2021-final/share/texmf/fonts/type1/public/amsfonts/cm/cmex10.pfb></nix/store/08rxkiywagh695h777fgmyqjvj56s3z1-texlive-combined-full-2021-final/share/texmf/fonts/type1/public/amsfonts/cm/cmmi12.pfb></nix/store/08rxkiywagh695h777fgmyqjvj56s3z1-texlive-combined-full-2021-final/share/texmf/fonts/type1/public/amsfonts/cm/cmmi8.pfb></nix/store/08rxkiywagh695h777fgmyqjvj56s3z1-texlive-combined-full-2021-final/share/texmf/fonts/type1/public/amsfonts/cm/cmr12.pfb></nix/store/08rxkiywagh695h777fgmyqjvj56s3z1-texlive-combined-full-2021-final/share/texmf/fonts/type1/public/amsfonts/cm/cmr6.pfb></nix/store/08rxkiywagh695h777fgmyqjvj56s3z1-texlive-combined-full-2021-final/share/texmf/fonts/type1/public/amsfonts/cm/cmr8.pfb></nix/store/08rxkiywagh695h777fgmyqjvj56s3z1-texlive-combined-full-2021-final/share/texmf/fonts/type1/public/amsfonts/cm/cmss12.pfb></nix/store/08rxkiywagh695h777fgmyqjvj56s3z1-texlive-combined-full-2021-final/share/texmf/fonts/type1/public/amsfonts/cm/cmss17.pfb></nix/store/08rxkiywagh695h777fgmyqjvj56s3z1-texlive-combined-full-2021-final/share/texmf/fonts/type1/public/amsfonts/cm/cmssbx10.pfb></nix/store/08rxkiywagh695h777fgmyqjvj56s3z1-texlive-combined-full-2021-final/share/texmf/fonts/type1/public/amsfonts/cm/cmssi12.pfb></nix/store/08rxkiywagh695h777fgmyqjvj56s3z1-texlive-combined-full-2021-final/share/texmf/fonts/type1/public/amsfonts/cm/cmsy10.pfb></nix/store/08rxkiywagh695h777fgmyqjvj56s3z1-texlive-combined-full-2021-final/share/texmf/fonts/type1/public/amsfonts/cm/cmsy8.pfb></nix/store/08rxkiywagh695h777fgmyqjvj56s3z1-texlive-combined-full-2021-final/share/texmf/fonts/type1/public/amsfonts/symbols/msbm10.pfb>
Output written on master.pdf (14 pages, 188443 bytes).
PDF statistics:
 190 PDF objects out of 1000 (max. 8388607)
 144 compressed objects within 2 object streams
 52 named destinations out of 1000 (max. 500000)
 13 words of extra memory for PDF output out of 10000 (max. 10000000)

