\BOOKMARK [0][-]{chapter.1}{\376\377\000E\000s\000p\000a\000c\000i\000o\000\040\000d\000e\000\040\000P\000r\000o\000b\000a\000b\000i\000l\000i\000d\000a\000d}{}% 1
\BOOKMARK [1][-]{section.1.1}{\376\377\000E\000x\000p\000e\000r\000i\000m\000e\000n\000t\000o\000s\000\040\000a\000l\000e\000a\000t\000o\000r\000i\000o\000s}{chapter.1}% 2
\BOOKMARK [1][-]{section.1.2}{\376\377\000E\000s\000p\000a\000c\000i\000o\000\040\000M\000u\000e\000s\000t\000r\000a\000l}{chapter.1}% 3
\BOOKMARK [2][-]{subsection.1.2.1}{\376\377\000T\000i\000p\000o\000s\000\040\000d\000e\000\040\000E\000s\000p\000a\000c\000i\000o\000s\000\040\000M\000u\000e\000s\000t\000r\000a\000l\000e\000s}{section.1.2}% 4
\BOOKMARK [1][-]{section.1.3}{\376\377\000S\000u\000c\000e\000s\000o\000s}{chapter.1}% 5
\BOOKMARK [1][-]{section.1.4}{\376\377\000S\000u\000c\000e\000s\000i\000o\000n\000e\000s\000\040\000d\000e\000\040\000C\000o\000n\000j\000u\000n\000t\000o\000s}{chapter.1}% 6
\BOOKMARK [1][-]{section.1.5}{\376\377\000L\000\355\000m\000i\000t\000e\000s\000\040\000d\000e\000\040\000u\000n\000a\000\040\000s\000u\000c\000e\000s\000i\000\363\000n\000\040\000d\000e\000\040\000c\000o\000n\000j\000u\000n\000t\000o\000s}{chapter.1}% 7
\BOOKMARK [2][-]{subsection.1.5.1}{\376\377\000S\000u\000c\000e\000s\000i\000\363\000n\000\040\000d\000e\000\040\000c\000o\000n\000j\000u\000n\000t\000o\000s\000\040\000c\000o\000n\000v\000e\000r\000g\000e\000n\000t\000e}{section.1.5}% 8
\BOOKMARK [2][-]{subsection.1.5.2}{\376\377\000S\000u\000c\000e\000s\000i\000o\000n\000e\000s\000\040\000M\000o\000n\000\363\000t\000o\000n\000a\000s}{section.1.5}% 9
\BOOKMARK [1][-]{section.1.6}{\376\377\000E\000s\000t\000r\000u\000c\000t\000u\000r\000a\000s\000\040\000c\000o\000n\000\040\000S\000u\000b\000c\000o\000n\000j\000u\000n\000t\000o\000s}{chapter.1}% 10
\BOOKMARK [2][-]{subsection.1.6.1}{\376\377\000\301\000l\000g\000e\000b\000r\000a}{section.1.6}% 11
\BOOKMARK [1][-]{section.1.7}{\376\377\000E\000s\000p\000a\000c\000i\000o\000\040\000M\000e\000d\000i\000b\000l\000e\000s}{chapter.1}% 12
\BOOKMARK [1][-]{section.1.8}{\376\377\000P\000r\000o\000b\000a\000b\000i\000l\000i\000d\000a\000d}{chapter.1}% 13
\BOOKMARK [1][-]{section.1.9}{\376\377\000E\000s\000p\000a\000c\000i\000o\000\040\000d\000e\000\040\000P\000r\000o\000b\000a\000b\000i\000l\000i\000d\000a\000d}{chapter.1}% 14
\BOOKMARK [1][-]{section.1.10}{\376\377\000C\000o\000n\000t\000i\000n\000u\000i\000d\000a\000d\000\040\000S\000e\000c\000u\000e\000n\000c\000i\000a\000l\000\040\000d\000e\000\040\000l\000a\000\040\000P\000r\000o\000b\000a\000b\000i\000l\000i\000d\000a\000d}{chapter.1}% 15
\BOOKMARK [1][-]{section.1.11}{\376\377\000P\000r\000o\000b\000a\000b\000i\000l\000i\000d\000a\000d\000\040\000C\000o\000n\000d\000i\000c\000i\000o\000n\000a\000d\000a}{chapter.1}% 16
\BOOKMARK [2][-]{subsection.1.11.1}{\376\377\000T\000e\000o\000r\000e\000m\000a\000\040\000d\000e\000l\000\040\000p\000r\000o\000d\000u\000c\000t\000o}{section.1.11}% 17
\BOOKMARK [2][-]{subsection.1.11.2}{\376\377\000T\000e\000o\000r\000e\000m\000a\000\040\000d\000e\000\040\000P\000r\000o\000b\000a\000b\000i\000l\000i\000d\000a\000d\000\040\000T\000o\000t\000a\000l}{section.1.11}% 18
\BOOKMARK [1][-]{section.1.12}{\376\377\000I\000n\000d\000e\000p\000e\000n\000d\000e\000n\000c\000i\000a\000\040\000d\000e\000\040\000S\000u\000c\000e\000s\000o\000s}{chapter.1}% 19
\BOOKMARK [0][-]{chapter.2}{\376\377\000M\000o\000d\000e\000l\000o\000\040\000U\000n\000i\000f\000o\000r\000m\000e}{}% 20
\BOOKMARK [1][-]{section.2.1}{\376\377\000R\000e\000g\000l\000a\000\040\000d\000e\000\040\000L\000a\000p\000l\000a\000c\000e}{chapter.2}% 21
\BOOKMARK [1][-]{section.2.2}{\376\377\000P\000o\000b\000l\000a\000c\000i\000\363\000n\000\040\000y\000\040\000M\000u\000e\000s\000t\000r\000a}{chapter.2}% 22
\BOOKMARK [1][-]{section.2.3}{\376\377\000M\000u\000e\000s\000t\000r\000a\000s\000\040\000O\000r\000d\000e\000n\000a\000d\000a\000s}{chapter.2}% 23
\BOOKMARK [1][-]{section.2.4}{\376\377\000S\000u\000b\000p\000o\000b\000l\000a\000c\000i\000o\000n\000e\000s}{chapter.2}% 24
\BOOKMARK [1][-]{section.2.5}{\376\377\000P\000a\000r\000t\000i\000c\000i\000o\000n\000e\000s}{chapter.2}% 25
\BOOKMARK [1][-]{section.2.6}{\376\377\000V\000a\000r\000i\000a\000c\000i\000o\000n\000e\000s\000,\000\040\000C\000o\000m\000b\000i\000n\000a\000c\000i\000o\000n\000e\000s\000\040\000y\000\040\000P\000e\000r\000m\000u\000t\000a\000c\000i\000o\000n\000e\000s}{chapter.2}% 26
\BOOKMARK [2][-]{subsection.2.6.1}{\376\377\000V\000a\000r\000i\000a\000c\000i\000o\000n\000e\000s\000\040\000d\000e\000\040\000N\000\040\000e\000l\000e\000m\000e\000n\000t\000o\000s\000\040\000t\000o\000m\000a\000d\000o\000s\000\040\000d\000e\000\040\000n\000\040\000e\000n\000\040\000n}{section.2.6}% 27
\BOOKMARK [2][-]{subsection.2.6.2}{\376\377\000V\000a\000r\000i\000a\000c\000i\000o\000n\000e\000s\000\040\000d\000e\000\040\000N\000\040\000e\000l\000e\000m\000e\000n\000t\000o\000s\000\040\000t\000o\000m\000a\000d\000o\000s\000\040\000d\000e\000\040\000n\000\040\000e\000n\000\040\000n}{section.2.6}% 28
\BOOKMARK [2][-]{subsection.2.6.3}{\376\377\000P\000e\000r\000m\000u\000t\000a\000c\000i\000o\000n\000e\000s\000\040\000d\000e\000\040\000N\000\040\000e\000l\000e\000m\000e\000n\000t\000o\000s}{section.2.6}% 29
\BOOKMARK [2][-]{subsection.2.6.4}{\376\377\000P\000e\000r\000m\000u\000t\000a\000c\000i\000o\000n\000e\000s\000\040\000c\000o\000n\000\040\000r\000e\000p\000e\000t\000i\000c\000i\000\363\000n}{section.2.6}% 30
\BOOKMARK [2][-]{subsection.2.6.5}{\376\377\000C\000o\000m\000b\000i\000n\000a\000c\000i\000o\000n\000e\000s\000\040\000d\000e\000\040\000N\000\040\000e\000l\000e\000m\000e\000n\000t\000o\000s\000\040\000t\000o\000m\000a\000d\000o\000s\000\040\000d\000e\000\040\000n\000\040\000e\000n\000\040\000n}{section.2.6}% 31
\BOOKMARK [2][-]{subsection.2.6.6}{\376\377\000C\000o\000m\000b\000i\000n\000a\000c\000i\000o\000n\000e\000s\000\040\000c\000o\000n\000\040\000r\000e\000p\000e\000t\000i\000c\000i\000\363\000n\000\040\000d\000e\000\040\000N\000\040\000e\000l\000e\000m\000e\000n\000t\000o\000s\000\040\000t\000o\000m\000a\000d\000o\000s\000\040\000d\000e\000\040\000n\000\040\000e\000n\000\040\000n}{section.2.6}% 32
\BOOKMARK [0][-]{chapter.3}{\376\377\000P\000r\000o\000b\000a\000b\000i\000l\000i\000d\000a\000\040\000s\000o\000b\000r\000e\000\040\000l\000a\000\040\000r\000e\000c\000t\000a\000\040\000r\000e\000a\000l}{}% 33
\BOOKMARK [1][-]{section.3.1}{\376\377\000P\000r\000o\000b\000a\000b\000i\000l\000i\000d\000a\000d\000\040\000S\000o\000b\000r\000e\000\040\000L\000a\000\040\000R\000e\000c\000t\000a\000\040\000R\000e\000a\000l}{chapter.3}% 34
\BOOKMARK [2][-]{subsection.3.1.1}{\376\377\000F\000u\000n\000c\000i\000\363\000n\000\040\000d\000e\000\040\000d\000i\000s\000t\000r\000i\000b\000u\000c\000i\000\363\000n\000\040\000e\000n\000\040\000R}{section.3.1}% 35
\BOOKMARK [1][-]{section.3.2}{\376\377\000P\000r\000o\000b\000a\000b\000i\000l\000i\000d\000a\000d\000\040\000s\000o\000b\000r\000e\000\040\000R\000n}{chapter.3}% 36
\BOOKMARK [0][-]{chapter.4}{\376\377\000V\000a\000r\000i\000a\000b\000l\000e\000\040\000A\000l\000e\000a\000t\000o\000r\000i\000a\000\040\000U\000n\000i\000d\000i\000m\000e\000n\000s\000i\000o\000n\000a\000l}{}% 37
\BOOKMARK [1][-]{section.4.1}{\376\377\000V\000a\000r\000i\000a\000b\000l\000e\000\040\000A\000l\000e\000a\000t\000o\000r\000i\000a\000\040\000R\000e\000a\000l}{chapter.4}% 38
\BOOKMARK [1][-]{section.4.2}{\376\377\000F\000u\000n\000c\000i\000\363\000n\000\040\000I\000n\000d\000i\000c\000a\000d\000o\000r}{chapter.4}% 39
\BOOKMARK [1][-]{section.4.3}{\376\377\000L\000e\000y\000\040\000d\000e\000\040\000P\000r\000o\000b\000a\000b\000i\000l\000i\000d\000a\000\040\000d\000e\000\040\000U\000n\000a\000\040\000V\000a\000r\000i\000b\000a\000l\000e\000\040\000A\000l\000e\000a\000t\000o\000r\000i\000a}{chapter.4}% 40
\BOOKMARK [1][-]{section.4.4}{\376\377\000F\000u\000n\000c\000i\000\363\000n\000\040\000d\000e\000\040\000M\000a\000s\000a}{chapter.4}% 41
\BOOKMARK [1][-]{section.4.5}{\376\377\000V\000a\000r\000i\000a\000b\000l\000e\000\040\000A\000l\000e\000a\000t\000o\000r\000i\000a\000\040\000D\000i\000s\000c\000r\000e\000t\000a}{chapter.4}% 42
\BOOKMARK [1][-]{section.4.6}{\376\377\000F\000u\000n\000n\000c\000i\000\363\000n\000\040\000d\000e\000\040\000D\000e\000n\000s\000i\000d\000a\000d\000\040\000s\000o\000b\000r\000e\000\040\000R}{chapter.4}% 43
\BOOKMARK [1][-]{section.4.7}{\376\377\000V\000a\000r\000i\000a\000b\000l\000e\000\040\000A\000l\000e\000a\000t\000o\000r\000i\000a\000\040\000C\000o\000n\000t\000i\000n\000u\000a}{chapter.4}% 44
\BOOKMARK [1][-]{section.4.8}{\376\377\000T\000r\000a\000n\000s\000f\000o\000r\000m\000a\000c\000i\000o\000n\000e\000s\000\040\000M\000e\000d\000i\000b\000l\000e\000s}{chapter.4}% 45
\BOOKMARK [2][-]{subsection.4.8.1}{\376\377\000C\000a\000s\000o\000\040\000d\000i\000s\000c\000r\000e\000t\000o}{section.4.8}% 46
\BOOKMARK [2][-]{subsection.4.8.2}{\376\377\000C\000a\000s\000o\000\040\000C\000o\000n\000t\000i\000n\000u\000o}{section.4.8}% 47
\BOOKMARK [0][-]{chapter.5}{\376\377\000E\000s\000p\000e\000r\000a\000n\000z\000a\000\040\000M\000a\000t\000e\000m\000\341\000t\000i\000c\000a}{}% 48
\BOOKMARK [1][-]{section.5.1}{\376\377\000E\000s\000p\000e\000r\000a\000n\000z\000a\000\040\000d\000e\000\040\000u\000n\000a\000\040\000V\000a\000r\000i\000a\000b\000l\000e\000\040\000A\000l\000e\000a\000t\000o\000r\000i\000a\000\040\000S\000i\000m\000p\000l\000e}{chapter.5}% 49
\BOOKMARK [1][-]{section.5.2}{\376\377\000E\000s\000p\000e\000r\000a\000n\000z\000a\000\040\000D\000e\000\040\000U\000n\000a\000\040\000V\000a\000r\000i\000a\000b\000l\000e\000\040\000A\000l\000e\000a\000t\000o\000r\000i\000a\000\040\000N\000o\000\040\000N\000e\000g\000a\000t\000i\000v\000a}{chapter.5}% 50
\BOOKMARK [1][-]{section.5.3}{\376\377\000E\000s\000p\000e\000r\000a\000n\000z\000a\000\040\000D\000e\000\040\000U\000n\000a\000\040\000V\000a\000r\000i\000a\000b\000l\000e\000\040\000A\000l\000e\000a\000t\000o\000r\000i\000a\000\040\000R\000e\000a\000l}{chapter.5}% 51
\BOOKMARK [1][-]{section.5.4}{\376\377\000T\000e\000o\000r\000e\000m\000a\000\040\000D\000e\000\040\000C\000a\000r\000a\000c\000t\000e\000r\000i\000z\000a\000c\000i\000\363\000n\000\040\000D\000e\000\040\000L\000a\000\040\000E\000s\000p\000e\000r\000a\000n\000z\000a}{chapter.5}% 52
\BOOKMARK [2][-]{subsection.5.4.1}{\376\377\000E\000s\000p\000e\000r\000a\000n\000z\000a\000\040\000D\000e\000\040\000U\000n\000a\000\040\000V\000a\000r\000i\000a\000b\000l\000e\000\040\000A\000l\000e\000a\000t\000o\000r\000i\000a\000\040\000E\000l\000e\000m\000e\000n\000t\000a\000l}{section.5.4}% 53
\BOOKMARK [2][-]{subsection.5.4.2}{\376\377\000E\000s\000p\000e\000r\000a\000n\000z\000a\000\040\000D\000e\000\040\000U\000n\000a\000\040\000V\000a\000r\000i\000a\000b\000l\000e\000\040\000A\000l\000e\000a\000t\000o\000r\000i\000a\000\040\000D\000i\000s\000c\000r\000e\000t\000a}{section.5.4}% 54
\BOOKMARK [2][-]{subsection.5.4.3}{\376\377\000E\000s\000p\000e\000r\000a\000n\000z\000a\000\040\000D\000e\000\040\000U\000n\000a\000\040\000V\000a\000r\000i\000a\000b\000l\000e\000\040\000A\000l\000e\000a\000t\000o\000r\000i\000a\000\040\000C\000o\000n\000t\000i\000n\000u\000a}{section.5.4}% 55
\BOOKMARK [1][-]{section.5.5}{\376\377\000M\000o\000m\000e\000n\000t\000o\000s}{chapter.5}% 56
\BOOKMARK [2][-]{subsection.5.5.1}{\376\377\000M\000o\000m\000e\000n\000t\000o\000s\000\040\000r\000e\000s\000p\000e\000c\000t\000o\000\040\000a\000l\000\040\000o\000r\000i\000g\000e\000n}{section.5.5}% 57
\BOOKMARK [2][-]{subsection.5.5.2}{\376\377\000M\000o\000m\000e\000n\000t\000o\000s\000\040\000r\000e\000s\000p\000e\000c\000t\000o\000\040\000a\000\040\000l\000a\000\040\000m\000e\000d\000i\000a}{section.5.5}% 58
\BOOKMARK [2][-]{subsection.5.5.3}{\376\377\000M\000o\000m\000e\000n\000t\000o\000s\000\040\000A\000b\000s\000o\000l\000u\000t\000o\000s\000\040\000r\000e\000s\000p\000e\000c\000t\000o\000\040\000a\000l\000\040\000o\000r\000i\000g\000e\000n}{section.5.5}% 59
\BOOKMARK [1][-]{section.5.6}{\376\377\000T\000e\000o\000r\000e\000m\000a\000\040\000d\000e\000\040\000M\000a\000r\000k\000o\000v}{chapter.5}% 60
\BOOKMARK [1][-]{section.5.7}{\376\377\000A\000c\000o\000t\000a\000c\000i\000\363\000n\000\040\000d\000e\000\040\000T\000c\000h\000e\000b\000y\000c\000h\000e\000v}{chapter.5}% 61
\BOOKMARK [0][-]{chapter.6}{\376\377\000F\000u\000n\000c\000i\000\363\000n\000\040\000C\000a\000r\000a\000c\000t\000e\000r\000\355\000s\000t\000i\000c\000a}{}% 62
\BOOKMARK [1][-]{section.6.1}{\376\377\000F\000u\000n\000c\000i\000\363\000n\000\040\000g\000e\000n\000e\000r\000a\000t\000r\000i\000z}{chapter.6}% 63
\BOOKMARK [1][-]{section.6.2}{\376\377\000F\000u\000n\000c\000i\000\363\000n\000\040\000G\000e\000n\000e\000r\000a\000t\000r\000i\000z\000\040\000d\000e\000\040\000M\000o\000m\000e\000n\000t\000o\000s}{chapter.6}% 64
\BOOKMARK [2][-]{subsection.6.2.1}{\376\377\000F\000u\000n\000c\000i\000\363\000n\000\040\000G\000e\000n\000e\000r\000a\000t\000r\000i\000z\000\040\000d\000e\000\040\000M\000o\000m\000e\000n\000t\000o\000s\000\040\000D\000i\000s\000c\000r\000e\000t\000a}{section.6.2}% 65
\BOOKMARK [2][-]{subsection.6.2.2}{\376\377\000F\000u\000n\000c\000i\000\363\000n\000\040\000G\000e\000n\000e\000r\000a\000t\000r\000i\000z\000\040\000d\000e\000\040\000M\000o\000m\000e\000n\000t\000o\000s\000\040\000C\000o\000n\000t\000i\000n\000u\000a}{section.6.2}% 66
\BOOKMARK [2][-]{subsection.6.2.3}{\376\377\000P\000r\000o\000p\000i\000e\000d\000a\000d\000e\000s\000\040\000F\000u\000n\000c\000i\000\363\000n\000\040\000G\000e\000n\000e\000r\000a\000t\000r\000i\000z\000\040\000D\000e\000\040\000M\000o\000m\000e\000n\000t\000o\000s}{section.6.2}% 67
\BOOKMARK [1][-]{section.6.3}{\376\377\000F\000u\000n\000c\000i\000\363\000n\000\040\000C\000a\000r\000a\000c\000t\000e\000r\000\355\000s\000t\000i\000c\000a}{chapter.6}% 68
\BOOKMARK [2][-]{subsection.6.3.1}{\376\377\000P\000r\000o\000p\000i\000e\000d\000a\000d\000e\000s\000\040\000F\000u\000n\000c\000i\000\363\000n\000\040\000C\000a\000r\000a\000c\000t\000e\000r\000\355\000s\000t\000i\000c\000a}{section.6.3}% 69
\BOOKMARK [1][-]{section.6.4}{\376\377\000P\000r\000o\000b\000l\000e\000m\000a\000\040\000d\000e\000\040\000l\000o\000s\000\040\000M\000o\000m\000e\000n\000t\000o\000s}{chapter.6}% 70
\BOOKMARK [1][-]{section.6.5}{\376\377\000T\000e\000o\000r\000e\000m\000a\000\040\000d\000e\000\040\000I\000n\000v\000e\000r\000s\000i\000\363\000n}{chapter.6}% 71
\BOOKMARK [0][-]{chapter.7}{\376\377\000D\000i\000s\000t\000r\000i\000b\000u\000c\000i\000o\000n\000e\000s\000\040\000U\000n\000i\000d\000i\000m\000e\000n\000s\000i\000o\000n\000a\000l\000e\000s}{}% 72
\BOOKMARK [1][-]{section.7.1}{\376\377\000D\000i\000s\000t\000r\000i\000b\000u\000c\000i\000\363\000n\000\040\000D\000e\000g\000e\000n\000e\000r\000a\000d\000a}{chapter.7}% 73
\BOOKMARK [1][-]{section.7.2}{\376\377\000D\000i\000s\000t\000r\000i\000b\000u\000c\000i\000\363\000n\000\040\000U\000n\000i\000f\000o\000r\000m\000e\000\040\000D\000i\000s\000c\000r\000e\000t\000a}{chapter.7}% 74
\BOOKMARK [1][-]{section.7.3}{\376\377\000D\000i\000s\000t\000r\000i\000b\000u\000c\000i\000\363\000n\000\040\000d\000e\000\040\000B\000e\000r\000n\000o\000u\000l\000l\000i}{chapter.7}% 75
\BOOKMARK [1][-]{section.7.4}{\376\377\000D\000i\000s\000t\000r\000i\000b\000u\000c\000i\000\363\000n\000\040\000B\000i\000n\000o\000m\000i\000a\000l}{chapter.7}% 76
\BOOKMARK [1][-]{section.7.5}{\376\377\000D\000i\000s\000t\000r\000i\000b\000u\000c\000i\000\363\000n\000\040\000d\000e\000\040\000P\000o\000i\000s\000s\000o\000n}{chapter.7}% 77
\BOOKMARK [1][-]{section.7.6}{\376\377\000D\000i\000s\000t\000r\000i\000b\000u\000c\000i\000\363\000n\000\040\000H\000i\000p\000e\000r\000g\000e\000o\000m\000\351\000t\000r\000i\000c\000a}{chapter.7}% 78
\BOOKMARK [1][-]{section.7.7}{\376\377\000D\000i\000s\000t\000r\000i\000b\000u\000c\000i\000\363\000n\000\040\000G\000e\000o\000m\000\351\000t\000r\000i\000c\000a}{chapter.7}% 79
\BOOKMARK [1][-]{section.7.8}{\376\377\000D\000i\000s\000t\000r\000i\000b\000u\000c\000i\000\363\000n\000\040\000B\000i\000n\000o\000m\000i\000a\000l\000\040\000N\000e\000g\000a\000t\000i\000v\000a}{chapter.7}% 80
\BOOKMARK [1][-]{section.7.9}{\376\377\000D\000i\000s\000t\000r\000i\000b\000u\000c\000i\000\363\000n\000\040\000U\000n\000i\000f\000o\000r\000m\000e}{chapter.7}% 81
\BOOKMARK [1][-]{section.7.10}{\376\377\000D\000i\000s\000t\000r\000i\000b\000u\000c\000i\000\363\000n\000\040\000N\000o\000r\000m\000a\000l}{chapter.7}% 82
\BOOKMARK [1][-]{section.7.11}{\376\377\000D\000i\000s\000t\000r\000i\000b\000u\000c\000i\000\363\000n\000\040\000G\000a\000m\000m\000a}{chapter.7}% 83
\BOOKMARK [1][-]{section.7.12}{\376\377\000D\000i\000s\000t\000r\000i\000b\000u\000c\000i\000\363\000n\000\040\000E\000x\000p\000o\000n\000e\000n\000c\000i\000a\000l}{chapter.7}% 84
\BOOKMARK [0][-]{chapter.8}{\376\377\000V\000e\000c\000t\000o\000r\000e\000s\000\040\000A\000l\000e\000a\000t\000o\000r\000i\000o\000s}{}% 85
\BOOKMARK [1][-]{section.8.1}{\376\377\000F\000u\000n\000c\000i\000\363\000n\000\040\000D\000i\000s\000t\000r\000i\000b\000u\000c\000i\000\363\000n\000\040\000e\000n\000\040\000R\0002}{chapter.8}% 86
\BOOKMARK [1][-]{section.8.2}{\376\377\000L\000e\000y\000\040\000d\000e\000\040\000P\000r\000o\000b\000a\000b\000i\000l\000i\000d\000a\000d\000\040\000d\000e\000\040\000u\000n\000\040\000V\000e\000c\000t\000o\000r\000\040\000A\000l\000e\000a\000t\000o\000r\000i\000o}{chapter.8}% 87
\BOOKMARK [1][-]{section.8.3}{\376\377\000F\000u\000n\000c\000i\000\363\000n\000\040\000d\000e\000\040\000D\000i\000s\000t\000r\000i\000b\000u\000c\000i\000\363\000n\000\040\000I\000n\000d\000u\000c\000i\000d\000a\000\040\000p\000o\000r\000\040\000V\000a\000r\000i\000a\000b\000l\000e\000\040\000A\000l\000e\000a\000t\000o\000r\000i\000a\000\040\000U\000n\000i\000d\000i\000m\000e\000n\000s\000i\000o\000n\000a\000l}{chapter.8}% 88
\BOOKMARK [1][-]{section.8.4}{\376\377\000F\000u\000n\000c\000i\000\363\000n\000\040\000d\000e\000\040\000M\000a\000s\000a\000\040\000e\000n\000\040\000R\0002}{chapter.8}% 89
\BOOKMARK [1][-]{section.8.5}{\376\377\000V\000a\000r\000i\000a\000b\000l\000e\000\040\000A\000l\000e\000a\000t\000o\000r\000i\000a\000\040\000B\000i\000d\000i\000m\000e\000n\000s\000i\000o\000n\000a\000l\000\040\000D\000i\000s\000c\000r\000e\000t\000a}{chapter.8}% 90
\BOOKMARK [1][-]{section.8.6}{\376\377\000F\000u\000n\000c\000i\000\363\000n\000\040\000D\000e\000\040\000D\000e\000n\000s\000i\000d\000a\000d\000\040\000e\000n\000\040\000R\0002}{chapter.8}% 91
\BOOKMARK [1][-]{section.8.7}{\376\377\000V\000a\000r\000i\000a\000b\000l\000e\000\040\000A\000l\000e\000a\000t\000o\000r\000i\000a\000\040\000B\000i\000d\000i\000m\000i\000e\000n\000s\000i\000o\000n\000a\000l\000\040\000C\000o\000n\000t\000i\000n\000u\000a}{chapter.8}% 92
\BOOKMARK [1][-]{section.8.8}{\376\377\000D\000i\000s\000t\000r\000i\000b\000u\000c\000i\000o\000n\000e\000s\000\040\000M\000a\000r\000g\000i\000n\000a\000l\000e\000s}{chapter.8}% 93
\BOOKMARK [1][-]{section.8.9}{\376\377\000D\000i\000s\000t\000r\000i\000b\000u\000c\000i\000o\000n\000e\000s\000\040\000C\000o\000n\000d\000i\000c\000i\000o\000n\000a\000d\000a\000s}{chapter.8}% 94
\BOOKMARK [1][-]{section.8.10}{\376\377\000I\000n\000d\000e\000p\000e\000n\000d\000e\000n\000c\000i\000a}{chapter.8}% 95
\BOOKMARK [1][-]{section.8.11}{\376\377\000T\000r\000a\000n\000s\000f\000o\000r\000m\000a\000c\000i\000o\000n\000e\000s}{chapter.8}% 96
\BOOKMARK [2][-]{subsection.8.11.1}{\376\377\000S\000u\000m\000a\000\040\000V\000a\000r\000i\000a\000b\000l\000e\000s\000\040\000A\000l\000e\000a\000t\000o\000r\000i\000a\000s}{section.8.11}% 97
\BOOKMARK [2][-]{subsection.8.11.2}{\376\377\000P\000r\000o\000d\000u\000c\000t\000o\000\040\000V\000a\000r\000i\000a\000b\000l\000e\000s\000\040\000A\000l\000e\000a\000t\000o\000r\000i\000a\000s}{section.8.11}% 98
\BOOKMARK [2][-]{subsection.8.11.3}{\376\377\000C\000o\000c\000i\000e\000n\000t\000e\000\040\000V\000a\000r\000i\000a\000b\000l\000e\000s\000\040\000A\000l\000e\000a\000t\000o\000r\000i\000a\000s}{section.8.11}% 99
\BOOKMARK [1][-]{section.8.12}{\376\377\000E\000s\000p\000e\000r\000a\000n\000z\000a}{chapter.8}% 100
\BOOKMARK [1][-]{section.8.13}{\376\377\000M\000o\000m\000e\000n\000t\000o\000s}{chapter.8}% 101
\BOOKMARK [1][-]{section.8.14}{\376\377\000P\000r\000o\000p\000i\000e\000d\000a\000d\000e\000s\000\040\000E\000s\000p\000e\000r\000a\000n\000z\000a}{chapter.8}% 102
\BOOKMARK [1][-]{section.8.15}{\376\377\000P\000r\000o\000p\000i\000e\000d\000a\000d\000e\000s\000\040\000V\000a\000r\000i\000a\000n\000z\000a}{chapter.8}% 103
\BOOKMARK [1][-]{section.8.16}{\376\377\000F\000u\000n\000c\000i\000\363\000n\000\040\000C\000a\000r\000a\000c\000t\000e\000r\000\355\000s\000t\000i\000c\000a}{chapter.8}% 104
\BOOKMARK [1][-]{section.8.17}{\376\377\000C\000o\000e\000f\000i\000e\000c\000i\000e\000n\000t\000e\000\040\000C\000o\000r\000r\000e\000l\000a\000c\000i\000\363\000n}{chapter.8}% 105
\BOOKMARK [1][-]{section.8.18}{\376\377\000R\000e\000g\000r\000e\000s\000i\000\363\000n}{chapter.8}% 106
