\BOOKMARK [-1][-]{part.1}{\376\377\000I\000\040\000C\000u\000r\000v\000a\000s}{}% 1
\BOOKMARK [0][-]{chapter.1}{\376\377\000E\000s\000t\000u\000d\000i\000o\000\040\000L\000o\000c\000a\000l}{part.1}% 2
\BOOKMARK [1][-]{section.1.1}{\376\377\000C\000u\000r\000v\000a\000s\000\040\000P\000a\000r\000a\000m\000e\000t\000r\000i\000z\000a\000d\000a\000s}{chapter.1}% 3
\BOOKMARK [1][-]{section.1.2}{\376\377\000C\000u\000r\000v\000a\000s\000\040\000R\000e\000g\000u\000l\000a\000r\000e\000s}{chapter.1}% 4
\BOOKMARK [1][-]{section.1.3}{\376\377\000P\000r\000o\000d\000u\000c\000t\000o\000\040\000V\000e\000c\000t\000o\000r\000i\000a\000l}{chapter.1}% 5
\BOOKMARK [1][-]{section.1.4}{\376\377\000M\000o\000v\000i\000m\000i\000n\000e\000t\000o\000\040\000R\000\355\000g\000i\000d\000o}{chapter.1}% 6
\BOOKMARK [1][-]{section.1.5}{\376\377\000F\000\363\000r\000m\000u\000l\000a\000s\000\040\000d\000e\000\040\000F\000r\000e\000n\000e\000t}{chapter.1}% 7
\BOOKMARK [1][-]{section.1.6}{\376\377\000C\000u\000r\000v\000a\000s\000\040\000A\000r\000b\000i\000t\000r\000a\000r\000i\000a\000s}{chapter.1}% 8
\BOOKMARK [0][-]{chapter.2}{\376\377\000E\000s\000t\000u\000d\000i\000o\000\040\000G\000l\000o\000b\000a\000l}{part.1}% 9
\BOOKMARK [-1][-]{part.2}{\376\377\000I\000I\000\040\000S\000u\000p\000e\000r\000f\000i\000c\000i\000e\000s}{}% 10
\BOOKMARK [0][-]{chapter.3}{\376\377\000P\000l\000a\000n\000o\000\040\000T\000a\000n\000g\000e\000n\000t\000e\000\040\000y\000\040\000D\000i\000f\000e\000r\000e\000n\000c\000i\000a\000b\000i\000l\000i\000d\000a\000d}{part.2}% 11
\BOOKMARK [1][-]{section.3.1}{\376\377\000D\000e\000f\000i\000n\000i\000c\000i\000\363\000n\000\040\000d\000e\000\040\000S\000u\000p\000e\000r\000f\000i\000c\000i\000e}{chapter.3}% 12
\BOOKMARK [1][-]{section.3.2}{\376\377\000C\000a\000m\000b\000i\000o\000\040\000d\000e\000\040\000P\000a\000r\000\341\000m\000e\000t\000r\000o\000s}{chapter.3}% 13
\BOOKMARK [1][-]{section.3.3}{\376\377\000F\000u\000n\000c\000i\000o\000n\000e\000s\000\040\000D\000i\000f\000e\000r\000e\000n\000c\000i\000a\000b\000l\000e\000s}{chapter.3}% 14
\BOOKMARK [1][-]{section.3.4}{\376\377\000P\000l\000a\000n\000o\000\040\000T\000a\000n\000g\000e\000n\000t\000e}{chapter.3}% 15
\BOOKMARK [1][-]{section.3.5}{\376\377\000D\000i\000f\000e\000r\000e\000n\000c\000i\000a\000l\000\040\000d\000e\000\040\000u\000n\000a\000\040\000A\000p\000l\000i\000c\000a\000c\000i\000\363\000n\000\040\000D\000i\000f\000e\000r\000e\000n\000c\000i\000a\000b\000l\000e}{chapter.3}% 16
\BOOKMARK [0][-]{chapter.4}{\376\377\000O\000r\000i\000e\000n\000t\000a\000b\000i\000l\000i\000d\000a\000d}{part.2}% 17
\BOOKMARK [1][-]{section.4.1}{\376\377\000C\000a\000m\000p\000o\000s}{chapter.4}% 18
\BOOKMARK [0][-]{chapter.5}{\376\377\000P\000r\000i\000m\000e\000r\000a\000\040\000F\000o\000r\000m\000a\000\040\000F\000u\000n\000d\000a\000m\000e\000n\000t\000a\000l}{part.2}% 19
\BOOKMARK [1][-]{section.5.1}{\376\377\000P\000r\000i\000m\000e\000r\000a\000\040\000F\000o\000r\000m\000a\000\040\000F\000u\000n\000d\000a\000m\000e\000n\000t\000a\000l}{chapter.5}% 20
\BOOKMARK [1][-]{section.5.2}{\376\377\000I\000s\000o\000m\000e\000t\000r\000\355\000a\000s}{chapter.5}% 21
\BOOKMARK [1][-]{section.5.3}{\376\377\000A\000r\000e\000a\000\040\000d\000e\000\040\000u\000n\000a\000\040\000S\000u\000p\000e\000r\000f\000i\000c\000i\000e}{chapter.5}% 22
\BOOKMARK [1][-]{section.5.4}{\376\377\000A\000p\000l\000i\000c\000a\000c\000i\000o\000n\000e\000s\000\040\000C\000o\000n\000f\000o\000r\000m\000e\000s}{chapter.5}% 23
\BOOKMARK [0][-]{chapter.6}{\376\377\000C\000u\000r\000v\000a\000t\000u\000r\000a}{part.2}% 24
\BOOKMARK [1][-]{section.6.1}{\376\377\000R\000e\000s\000u\000m\000e\000n\000\040\000O\000r\000i\000e\000n\000t\000a\000c\000i\000\363\000n}{chapter.6}% 25
\BOOKMARK [1][-]{section.6.2}{\376\377\000S\000e\000g\000u\000n\000d\000a\000\040\000F\000o\000r\000m\000a\000\040\000F\000u\000n\000d\000a\000m\000e\000n\000t\000a\000l}{chapter.6}% 26
\BOOKMARK [1][-]{section.6.3}{\376\377\000M\000e\000u\000s\000n\000i\000e\000r}{chapter.6}% 27
\BOOKMARK [1][-]{section.6.4}{\376\377\000E\000u\000l\000e\000r}{chapter.6}% 28
\BOOKMARK [1][-]{section.6.5}{\376\377\000C\000o\000o\000r\000d\000e\000n\000a\000d\000a\000s\000\040\000L\000o\000c\000a\000l\000e\000s}{chapter.6}% 29
\BOOKMARK [1][-]{section.6.6}{\376\377\000P\000u\000n\000t\000o\000s\000\040\000C\000u\000r\000v\000a\000t\000u\000r\000a}{chapter.6}% 30
\BOOKMARK [1][-]{section.6.7}{\376\377\000C\000u\000r\000v\000a\000s\000\040\000A\000s\000i\000n\000t\000\363\000t\000i\000c\000a\000s}{chapter.6}% 31
\BOOKMARK [1][-]{section.6.8}{\376\377\000L\000\355\000n\000e\000a\000s\000\040\000d\000e\000\040\000C\000u\000r\000v\000a\000t\000u\000r\000a}{chapter.6}% 32
\BOOKMARK [1][-]{section.6.9}{\376\377\000E\000c\000u\000a\000c\000i\000o\000n\000e\000s\000\040\000d\000e\000\040\000C\000o\000m\000p\000a\000t\000i\000b\000i\000l\000i\000d\000a\000d}{chapter.6}% 33
\BOOKMARK [1][-]{section.6.10}{\376\377\000T\000e\000o\000r\000e\000m\000a\000\040\000E\000g\000r\000e\000g\000i\000u\000m}{chapter.6}% 34
\BOOKMARK [1][-]{section.6.11}{\376\377\000C\000u\000r\000v\000a\000t\000u\000r\000a\000\040\000S\000u\000p\000e\000r\000f\000i\000c\000i\000e\000s\000\040\000C\000o\000m\000p\000a\000c\000t\000a\000s}{chapter.6}% 35
\BOOKMARK [1][-]{section.6.12}{\376\377\000D\000e\000f\000i\000n\000i\000c\000i\000\363\000n\000\040\000n\000o\000\040\000r\000i\000g\000u\000r\000o\000s\000a\000\040\000d\000e\000\040\000C\000u\000r\000v\000a\000t\000u\000r\000a}{chapter.6}% 36
\BOOKMARK [0][-]{chapter.7}{\376\377\000G\000e\000o\000d\000\351\000s\000i\000c\000a\000s}{part.2}% 37
\BOOKMARK [1][-]{section.7.1}{\376\377\000G\000e\000o\000d\000\351\000s\000i\000c\000a\000s}{chapter.7}% 38
\BOOKMARK [1][-]{section.7.2}{\376\377\000A\000p\000l\000i\000c\000a\000c\000i\000\363\000n\000\040\000E\000x\000p\000o\000n\000e\000n\000c\000i\000a\000l}{chapter.7}% 39
