\BOOKMARK [-1][-]{part.1}{\376\377\000I\000\040\000A\000n\000\341\000l\000i\000s\000i\000s\000\040\000C\000o\000m\000p\000l\000e\000j\000o}{}% 1
\BOOKMARK [0][-]{chapter.1}{\376\377\000P\000r\000e\000l\000i\000m\000i\000n\000a\000r\000e\000s}{part.1}% 2
\BOOKMARK [1][-]{section.1.1}{\376\377\000E\000l\000\040\000P\000l\000a\000n\000o\000\040\000C\000o\000m\000p\000l\000e\000j\000o}{chapter.1}% 3
\BOOKMARK [1][-]{section.1.2}{\376\377\000F\000u\000n\000c\000i\000\363\000n\000\040\000E\000x\000p\000o\000n\000e\000n\000c\000i\000a\000l}{chapter.1}% 4
\BOOKMARK [1][-]{section.1.3}{\376\377\000F\000u\000n\000c\000i\000\363\000n\000\040\000L\000o\000g\000a\000r\000i\000t\000m\000o}{chapter.1}% 5
\BOOKMARK [1][-]{section.1.4}{\376\377\000T\000r\000a\000n\000s\000f\000o\000r\000m\000a\000c\000i\000\363\000n\000\040\000d\000e\000\040\000M\000\366\000b\000i\000u\000s}{chapter.1}% 6
\BOOKMARK [0][-]{chapter.2}{\376\377\000F\000u\000n\000c\000i\000o\000n\000e\000s\000\040\000H\000o\000l\000o\000m\000o\000r\000f\000a\000s}{part.1}% 7
\BOOKMARK [1][-]{section.2.1}{\376\377\000D\000e\000r\000i\000v\000a\000c\000i\000\363\000n\000\040\000C\000o\000m\000p\000l\000e\000j\000a}{chapter.2}% 8
\BOOKMARK [1][-]{section.2.2}{\376\377\000E\000c\000u\000a\000c\000i\000o\000n\000e\000s\000\040\000d\000e\000\040\000C\000a\000u\000c\000h\000y\000-\000R\000i\000e\000m\000a\000n\000n}{chapter.2}% 9
\BOOKMARK [1][-]{section.2.3}{\376\377\000F\000u\000n\000c\000i\000\363\000n\000\040\000I\000n\000v\000e\000r\000s\000a}{chapter.2}% 10
\BOOKMARK [1][-]{section.2.4}{\376\377\000F\000u\000n\000c\000i\000o\000n\000e\000s\000\040\000H\000a\000r\000m\000\363\000n\000i\000c\000a\000s}{chapter.2}% 11
\BOOKMARK [1][-]{section.2.5}{\376\377\000A\000p\000l\000i\000c\000a\000c\000i\000o\000n\000e\000s\000\040\000C\000o\000n\000f\000o\000r\000m\000e\000s}{chapter.2}% 12
\BOOKMARK [0][-]{chapter.3}{\376\377\000I\000n\000t\000e\000g\000r\000a\000c\000i\000\363\000n\000\040\000C\000o\000m\000p\000l\000e\000j\000a}{part.1}% 13
\BOOKMARK [1][-]{section.3.1}{\376\377\000I\000n\000t\000e\000g\000r\000a\000l\000\040\000d\000e\000\040\000F\000u\000n\000c\000i\000o\000n\000e\000s\000\040\000C\000o\000m\000p\000l\000e\000j\000a\000s\000\040\000s\000o\000b\000r\000e\000\040\000C\000u\000r\000v\000a\000s}{chapter.3}% 14
\BOOKMARK [1][-]{section.3.2}{\376\377\000T\000e\000o\000r\000e\000m\000a\000\040\000d\000e\000\040\000C\000a\000u\000c\000h\000y}{chapter.3}% 15
\BOOKMARK [1][-]{section.3.3}{\376\377\000C\000o\000n\000s\000e\000c\000u\000e\000n\000c\000i\000a\000s\000\040\000T\000e\000o\000r\000e\000m\000a\000\040\000C\000a\000u\000c\000h\000y}{chapter.3}% 16
\BOOKMARK [0][-]{chapter.4}{\376\377\000R\000e\000p\000r\000e\000s\000e\000n\000t\000a\000c\000i\000\363\000n\000\040\000A\000n\000a\000l\000\355\000t\000i\000c\000a\000\040\000d\000e\000\040\000l\000a\000s\000\040\000f\000u\000n\000c\000i\000o\000n\000e\000s\000\040\000h\000o\000l\000o\000m\000o\000r\000f\000a\000s}{part.1}% 17
\BOOKMARK [1][-]{section.4.1}{\376\377\000S\000u\000c\000e\000s\000i\000o\000n\000e\000s\000\040\000y\000\040\000S\000e\000r\000i\000e\000s}{chapter.4}% 18
\BOOKMARK [1][-]{section.4.2}{\376\377\000S\000e\000r\000i\000e\000s\000\040\000d\000e\000\040\000P\000o\000t\000e\000n\000c\000i\000a\000s}{chapter.4}% 19
\BOOKMARK [1][-]{section.4.3}{\376\377\000F\000u\000n\000c\000i\000o\000n\000e\000s\000\040\000A\000n\000a\000l\000\355\000t\000i\000c\000a\000s}{chapter.4}% 20
\BOOKMARK [1][-]{section.4.4}{\376\377\000C\000e\000r\000o\000s\000\040\000d\000e\000\040\000F\000u\000n\000c\000i\000o\000n\000e\000s\000\040\000A\000n\000a\000l\000\355\000t\000i\000c\000a\000s}{chapter.4}% 21
\BOOKMARK [0][-]{chapter.5}{\376\377\000S\000i\000n\000g\000u\000l\000a\000r\000i\000d\000a\000d\000e\000s\000\040\000A\000i\000s\000l\000a\000d\000a\000s}{part.1}% 22
\BOOKMARK [1][-]{section.5.1}{\376\377\000S\000e\000r\000i\000e\000s\000\040\000d\000e\000\040\000L\000a\000u\000r\000e\000n\000t}{chapter.5}% 23
\BOOKMARK [1][-]{section.5.2}{\376\377\000S\000i\000n\000g\000u\000l\000a\000r\000i\000d\000a\000d\000e\000s\000\040\000A\000i\000s\000l\000a\000d\000a\000s}{chapter.5}% 24
\BOOKMARK [1][-]{section.5.3}{\376\377\000C\000\341\000l\000c\000u\000l\000o\000\040\000d\000e\000\040\000R\000e\000s\000i\000d\000u\000o\000s}{chapter.5}% 25
\BOOKMARK [0][-]{chapter.6}{\376\377\000M\000i\000s\000c\000e\000l\000a\000n\000e\000a}{part.1}% 26
\BOOKMARK [1][-]{section.6.1}{\376\377\000P\000r\000i\000n\000c\000i\000p\000i\000o\000\040\000D\000e\000l\000\040\000A\000r\000g\000u\000m\000e\000n\000t\000o}{chapter.6}% 27
\BOOKMARK [1][-]{section.6.2}{\376\377\000T\000e\000o\000r\000e\000m\000a\000\040\000d\000e\000\040\000R\000o\000u\000c\000h\000\351}{chapter.6}% 28
\BOOKMARK [1][-]{section.6.3}{\376\377\000P\000r\000o\000p\000i\000e\000d\000a\000d\000e\000s\000\040\000F\000u\000n\000c\000i\000o\000n\000e\000s\000\040\000A\000r\000m\000\363\000n\000i\000c\000a\000s}{chapter.6}% 29
