This is pdfTeX, Version 3.141592653-2.6-1.40.24 (TeX Live 2022/Arch Linux) (preloaded format=latex 2022.8.13)  29 AUG 2022 18:32
entering extended mode
 restricted \write18 enabled.
 %&-line parsing enabled.
**class_01.tex
(./class_01.tex
LaTeX2e <2021-11-15> patch level 1
L3 programming layer <2022-04-10>
! Undefined control sequence.
l.1 \chapter
            {El espacio $\mathbb{R}^n$}
? 

! LaTeX Error: Missing \begin{document}.

See the LaTeX manual or LaTeX Companion for explanation.
Type  H <return>  for immediate help.
 ...                                              
                                                  
l.1 \chapter{E
              l espacio $\mathbb{R}^n$}
? 
Missing character: There is no E in font nullfont!
Missing character: There is no l in font nullfont!
Missing character: There is no e in font nullfont!
Missing character: There is no s in font nullfont!
Missing character: There is no p in font nullfont!
Missing character: There is no a in font nullfont!
Missing character: There is no c in font nullfont!
Missing character: There is no i in font nullfont!
Missing character: There is no o in font nullfont!
LaTeX Font Info:    External font `cmex10' loaded for size
(Font)              <7> on input line 1.
LaTeX Font Info:    External font `cmex10' loaded for size
(Font)              <5> on input line 1.
! Undefined control sequence.
<recently read> \mathbb 
                        
l.1 \chapter{El espacio $\mathbb
                                {R}^n$}
? 

Overfull \hbox (20.0pt too wide) in paragraph at lines 1--2
[]
 []


Overfull \hbox (13.11348pt too wide) in paragraph at lines 1--2
\OML/cmm/m/it/10 R[]$ 
 []


! LaTeX Error: Environment nota undefined.

See the LaTeX manual or LaTeX Companion for explanation.
Type  H <return>  for immediate help.
 ...                                              
                                                  
l.3 \begin{nota}
                
? 

! LaTeX Error: Missing \begin{document}.

See the LaTeX manual or LaTeX Companion for explanation.
Type  H <return>  for immediate help.
 ...                                              
                                                  
l.4 \begin{enumerate}
                     [label=(\roman*)]
? 

Overfull \hbox (20.0pt too wide) in paragraph at lines 4--4
[] 
 []


! LaTeX Error: Missing \begin{document}.

See the LaTeX manual or LaTeX Companion for explanation.
Type  H <return>  for immediate help.
 ...                                              
                                                  
l.4 \begin{enumerate}[
                      label=(\roman*)]
? 
Missing character: There is no [ in font nullfont!
Missing character: There is no l in font nullfont!
Missing character: There is no a in font nullfont!
Missing character: There is no b in font nullfont!
Missing character: There is no e in font nullfont!
Missing character: There is no l in font nullfont!
Missing character: There is no = in font nullfont!
Missing character: There is no ( in font nullfont!
! Missing number, treated as zero.
<to be read again> 
                   \c@* 
l.4 \begin{enumerate}[label=(\roman*
                                    )]
? ^^Xqqq^^[^^[^^[^^[
Type <return> to proceed, S to scroll future error messages,
R to run without stopping, Q to run quietly,
I to insert something, E to edit your file,
1 or ... or 9 to ignore the next 1 to 9 tokens of input,
H for help, X to quit.
? x
 
Here is how much of TeX's memory you used:
 22 strings out of 478239
 451 string characters out of 5850482
 289988 words of memory out of 5000000
 18361 multiletter control sequences out of 15000+600000
 469259 words of font info for 28 fonts, out of 8000000 for 9000
 1141 hyphenation exceptions out of 8191
 18i,2n,12p,80b,60s stack positions out of 5000i,500n,10000p,200000b,80000s
No pages of output.
