This is pdfTeX, Version 3.141592653-2.6-1.40.24 (TeX Live 2022/Arch Linux) (preloaded format=pdflatex 2022.8.13)  29 AUG 2022 20:18
entering extended mode
 restricted \write18 enabled.
 file:line:error style messages enabled.
 %&-line parsing enabled.
**master.tex
(./master.tex
LaTeX2e <2021-11-15> patch level 1
L3 programming layer <2022-04-10> (/usr/share/texmf-dist/tex/latex/base/report.cls
Document Class: report 2021/10/04 v1.4n Standard LaTeX document class
(/usr/share/texmf-dist/tex/latex/base/size10.clo
File: size10.clo 2021/10/04 v1.4n Standard LaTeX file (size option)
)
\c@part=\count185
\c@chapter=\count186
\c@section=\count187
\c@subsection=\count188
\c@subsubsection=\count189
\c@paragraph=\count190
\c@subparagraph=\count191
\c@figure=\count192
\c@table=\count193
\abovecaptionskip=\skip47
\belowcaptionskip=\skip48
\bibindent=\dimen138
) (../preamble.tex

../preamble.tex:1: LaTeX Error: Two \documentclass or \documentstyle commands.

See the LaTeX manual or LaTeX Companion for explanation.
Type  H <return>  for immediate help.
 ...                                              
                                                  
l.1 \documentclass[25pt,oneside]{
                                 book}
The document may only declare one class.

(/usr/share/texmf-dist/tex/generic/babel/babel.sty
Package: babel 2022/02/26 3.73 The Babel package
\babel@savecnt=\count194
\U@D=\dimen139
\l@unhyphenated=\language87
 (/usr/share/texmf-dist/tex/generic/babel/txtbabel.def)
\bbl@readstream=\read2
\bbl@dirlevel=\count195
 (/usr/share/texmf-dist/tex/generic/babel-spanish/spanish.ldf
Language: spanish.ldf 2021/05/27 v5.0q Spanish support from the babel system
\es@quottoks=\toks16
\es@quotdepth=\count196
Package babel Info: Making " an active character on input line 570.
Package babel Info: Making . an active character on input line 675.
Package babel Info: Making < an active character on input line 722.
Package babel Info: Making > an active character on input line 722.
)) (/usr/share/texmf-dist/tex/latex/amsfonts/amsfonts.sty
Package: amsfonts 2013/01/14 v3.01 Basic AMSFonts support
\@emptytoks=\toks17
\symAMSa=\mathgroup4
\symAMSb=\mathgroup5
LaTeX Font Info:    Redeclaring math symbol \hbar on input line 98.
LaTeX Font Info:    Overwriting math alphabet `\mathfrak' in version `bold'
(Font)                  U/euf/m/n --> U/euf/b/n on input line 106.
) (/usr/share/texmf-dist/tex/latex/jknapltx/mathrsfs.sty
Package: mathrsfs 1996/01/01 Math RSFS package v1.0 (jk)
\symrsfs=\mathgroup6
) (/usr/share/texmf-dist/tex/latex/amsfonts/amssymb.sty
Package: amssymb 2013/01/14 v3.01 AMS font symbols
) (/usr/share/texmf-dist/tex/latex/amsmath/amsmath.sty
Package: amsmath 2021/10/15 v2.17l AMS math features
\@mathmargin=\skip49

For additional information on amsmath, use the `?' option.
(/usr/share/texmf-dist/tex/latex/amsmath/amstext.sty
Package: amstext 2021/08/26 v2.01 AMS text
 (/usr/share/texmf-dist/tex/latex/amsmath/amsgen.sty
File: amsgen.sty 1999/11/30 v2.0 generic functions
\@emptytoks=\toks18
\ex@=\dimen140
)) (/usr/share/texmf-dist/tex/latex/amsmath/amsbsy.sty
Package: amsbsy 1999/11/29 v1.2d Bold Symbols
\pmbraise@=\dimen141
) (/usr/share/texmf-dist/tex/latex/amsmath/amsopn.sty
Package: amsopn 2021/08/26 v2.02 operator names
)
\inf@bad=\count197
LaTeX Info: Redefining \frac on input line 234.
\uproot@=\count198
\leftroot@=\count199
LaTeX Info: Redefining \overline on input line 399.
\classnum@=\count266
\DOTSCASE@=\count267
LaTeX Info: Redefining \ldots on input line 496.
LaTeX Info: Redefining \dots on input line 499.
LaTeX Info: Redefining \cdots on input line 620.
\Mathstrutbox@=\box50
\strutbox@=\box51
\big@size=\dimen142
LaTeX Font Info:    Redeclaring font encoding OML on input line 743.
LaTeX Font Info:    Redeclaring font encoding OMS on input line 744.
\macc@depth=\count268
\c@MaxMatrixCols=\count269
\dotsspace@=\muskip16
\c@parentequation=\count270
\dspbrk@lvl=\count271
\tag@help=\toks19
\row@=\count272
\column@=\count273
\maxfields@=\count274
\andhelp@=\toks20
\eqnshift@=\dimen143
\alignsep@=\dimen144
\tagshift@=\dimen145
\tagwidth@=\dimen146
\totwidth@=\dimen147
\lineht@=\dimen148
\@envbody=\toks21
\multlinegap=\skip50
\multlinetaggap=\skip51
\mathdisplay@stack=\toks22
LaTeX Info: Redefining \[ on input line 2938.
LaTeX Info: Redefining \] on input line 2939.
) (/usr/share/texmf-dist/tex/latex/amscls/amsthm.sty
Package: amsthm 2020/05/29 v2.20.6
\thm@style=\toks23
\thm@bodyfont=\toks24
\thm@headfont=\toks25
\thm@notefont=\toks26
\thm@headpunct=\toks27
\thm@preskip=\skip52
\thm@postskip=\skip53
\thm@headsep=\skip54
\dth@everypar=\toks28
) (/usr/share/texmf-dist/tex/latex/setspace/setspace.sty
Package: setspace 2011/12/19 v6.7a set line spacing
) (/usr/share/texmf-dist/tex/latex/mdframed/mdframed.sty
Package: mdframed 2013/07/01 1.9b: mdframed
 (/usr/share/texmf-dist/tex/latex/kvoptions/kvoptions.sty
Package: kvoptions 2020-10-07 v3.14 Key value format for package options (HO)
 (/usr/share/texmf-dist/tex/latex/graphics/keyval.sty
Package: keyval 2014/10/28 v1.15 key=value parser (DPC)
\KV@toks@=\toks29
) (/usr/share/texmf-dist/tex/generic/ltxcmds/ltxcmds.sty
Package: ltxcmds 2020-05-10 v1.25 LaTeX kernel commands for general use (HO)
) (/usr/share/texmf-dist/tex/generic/kvsetkeys/kvsetkeys.sty
Package: kvsetkeys 2019/12/15 v1.18 Key value parser (HO)
)) (/usr/share/texmf-dist/tex/latex/l3packages/xparse/xparse.sty (/usr/share/texmf-dist/tex/latex/l3kernel/expl3.sty
Package: expl3 2022-04-10 L3 programming layer (loader) 
 (/usr/share/texmf-dist/tex/latex/l3backend/l3backend-pdftex.def
File: l3backend-pdftex.def 2022-04-14 L3 backend support: PDF output (pdfTeX)
\l__color_backend_stack_int=\count275
\l__pdf_internal_box=\box52
))
Package: xparse 2022-01-12 L3 Experimental document command parser
) (/usr/share/texmf-dist/tex/latex/etoolbox/etoolbox.sty
Package: etoolbox 2020/10/05 v2.5k e-TeX tools for LaTeX (JAW)
\etb@tempcnta=\count276
) (/usr/share/texmf-dist/tex/latex/zref/zref-abspage.sty
Package: zref-abspage 2022-04-07 v2.34 Module abspage for zref (HO)
 (/usr/share/texmf-dist/tex/latex/zref/zref-base.sty
Package: zref-base 2022-04-07 v2.34 Module base for zref (HO)
 (/usr/share/texmf-dist/tex/generic/infwarerr/infwarerr.sty
Package: infwarerr 2019/12/03 v1.5 Providing info/warning/error messages (HO)
) (/usr/share/texmf-dist/tex/generic/kvdefinekeys/kvdefinekeys.sty
Package: kvdefinekeys 2019-12-19 v1.6 Define keys (HO)
) (/usr/share/texmf-dist/tex/generic/pdftexcmds/pdftexcmds.sty
Package: pdftexcmds 2020-06-27 v0.33 Utility functions of pdfTeX for LuaTeX (HO)
 (/usr/share/texmf-dist/tex/generic/iftex/iftex.sty
Package: iftex 2022/02/03 v1.0f TeX engine tests
)
Package pdftexcmds Info: \pdf@primitive is available.
Package pdftexcmds Info: \pdf@ifprimitive is available.
Package pdftexcmds Info: \pdfdraftmode found.
) (/usr/share/texmf-dist/tex/generic/etexcmds/etexcmds.sty
Package: etexcmds 2019/12/15 v1.7 Avoid name clashes with e-TeX commands (HO)
) (/usr/share/texmf-dist/tex/latex/auxhook/auxhook.sty
Package: auxhook 2019-12-17 v1.6 Hooks for auxiliary files (HO)
)
Package zref Info: New property list: main on input line 767.
Package zref Info: New property: default on input line 768.
Package zref Info: New property: page on input line 769.
) (/usr/share/texmf-dist/tex/latex/base/atbegshi-ltx.sty
Package: atbegshi-ltx 2021/01/10 v1.0c Emulation of the original atbegshi
package with kernel methods
)
\c@abspage=\count277
Package zref Info: New property: abspage on input line 65.
) (/usr/share/texmf-dist/tex/latex/needspace/needspace.sty
Package: needspace 2010/09/12 v1.3d reserve vertical space
) (/usr/share/texmf-dist/tex/latex/graphics/color.sty
Package: color 2021/12/07 v1.3c Standard LaTeX Color (DPC)
 (/usr/share/texmf-dist/tex/latex/graphics-cfg/color.cfg
File: color.cfg 2016/01/02 v1.6 sample color configuration
)
Package color Info: Driver file: pdftex.def on input line 149.
 (/usr/share/texmf-dist/tex/latex/graphics-def/pdftex.def
File: pdftex.def 2020/10/05 v1.2a Graphics/color driver for pdftex
))
\mdf@templength=\skip55
\c@mdf@globalstyle@cnt=\count278
\mdf@skipabove@length=\skip56
\mdf@skipbelow@length=\skip57
\mdf@leftmargin@length=\skip58
\mdf@rightmargin@length=\skip59
\mdf@innerleftmargin@length=\skip60
\mdf@innerrightmargin@length=\skip61
\mdf@innertopmargin@length=\skip62
\mdf@innerbottommargin@length=\skip63
\mdf@splittopskip@length=\skip64
\mdf@splitbottomskip@length=\skip65
\mdf@outermargin@length=\skip66
\mdf@innermargin@length=\skip67
\mdf@linewidth@length=\skip68
\mdf@innerlinewidth@length=\skip69
\mdf@middlelinewidth@length=\skip70
\mdf@outerlinewidth@length=\skip71
\mdf@roundcorner@length=\skip72
\mdf@footenotedistance@length=\skip73
\mdf@userdefinedwidth@length=\skip74
\mdf@needspace@length=\skip75
\mdf@frametitleaboveskip@length=\skip76
\mdf@frametitlebelowskip@length=\skip77
\mdf@frametitlerulewidth@length=\skip78
\mdf@frametitleleftmargin@length=\skip79
\mdf@frametitlerightmargin@length=\skip80
\mdf@shadowsize@length=\skip81
\mdf@extratopheight@length=\skip82
\mdf@subtitleabovelinewidth@length=\skip83
\mdf@subtitlebelowlinewidth@length=\skip84
\mdf@subtitleaboveskip@length=\skip85
\mdf@subtitlebelowskip@length=\skip86
\mdf@subtitleinneraboveskip@length=\skip87
\mdf@subtitleinnerbelowskip@length=\skip88
\mdf@subsubtitleabovelinewidth@length=\skip89
\mdf@subsubtitlebelowlinewidth@length=\skip90
\mdf@subsubtitleaboveskip@length=\skip91
\mdf@subsubtitlebelowskip@length=\skip92
\mdf@subsubtitleinneraboveskip@length=\skip93
\mdf@subsubtitleinnerbelowskip@length=\skip94
 (/usr/share/texmf-dist/tex/latex/mdframed/md-frame-0.mdf
File: md-frame-0.mdf 2013/07/01\ 1.9b: md-frame-0
)
\mdf@frametitlebox=\box53
\mdf@footnotebox=\box54
\mdf@splitbox@one=\box55
\mdf@splitbox@two=\box56
\mdf@splitbox@save=\box57
\mdfsplitboxwidth=\skip95
\mdfsplitboxtotalwidth=\skip96
\mdfsplitboxheight=\skip97
\mdfsplitboxdepth=\skip98
\mdfsplitboxtotalheight=\skip99
\mdfframetitleboxwidth=\skip100
\mdfframetitleboxtotalwidth=\skip101
\mdfframetitleboxheight=\skip102
\mdfframetitleboxdepth=\skip103
\mdfframetitleboxtotalheight=\skip104
\mdffootnoteboxwidth=\skip105
\mdffootnoteboxtotalwidth=\skip106
\mdffootnoteboxheight=\skip107
\mdffootnoteboxdepth=\skip108
\mdffootnoteboxtotalheight=\skip109
\mdftotallinewidth=\skip110
\mdfboundingboxwidth=\skip111
\mdfboundingboxtotalwidth=\skip112
\mdfboundingboxheight=\skip113
\mdfboundingboxdepth=\skip114
\mdfboundingboxtotalheight=\skip115
\mdf@freevspace@length=\skip116
\mdf@horizontalwidthofbox@length=\skip117
\mdf@verticalmarginwhole@length=\skip118
\mdf@horizontalspaceofbox=\skip119
\mdfsubtitleheight=\skip120
\mdfsubsubtitleheight=\skip121
\c@mdfcountframes=\count279

****** mdframed patching \endmdf@trivlist

****** -- success******

\mdf@envdepth=\count280
\c@mdf@env@i=\count281
\c@mdf@env@ii=\count282
\c@mdf@zref@counter=\count283
Package zref Info: New property: mdf@pagevalue on input line 895.
) (/usr/share/texmf-dist/tex/latex/enumitem/enumitem.sty
Package: enumitem 2019/06/20 v3.9 Customized lists
\labelindent=\skip122
\enit@outerparindent=\dimen149
\enit@toks=\toks30
\enit@inbox=\box58
\enit@count@id=\count284
\enitdp@description=\count285
)
\c@theo=\count286
\c@cor=\count287
\c@lem=\count288
\c@defn=\count289
\c@prop=\count290
) (./master.aux
LaTeX Info: Redefining \. on input line 9.
LaTeX Info: Redefining \% on input line 9.
)
\openout1 = `master.aux'.

LaTeX Font Info:    Checking defaults for OML/cmm/m/it on input line 6.
LaTeX Font Info:    ... okay on input line 6.
LaTeX Font Info:    Checking defaults for OMS/cmsy/m/n on input line 6.
LaTeX Font Info:    ... okay on input line 6.
LaTeX Font Info:    Checking defaults for OT1/cmr/m/n on input line 6.
LaTeX Font Info:    ... okay on input line 6.
LaTeX Font Info:    Checking defaults for T1/cmr/m/n on input line 6.
LaTeX Font Info:    ... okay on input line 6.
LaTeX Font Info:    Checking defaults for TS1/cmr/m/n on input line 6.
LaTeX Font Info:    ... okay on input line 6.
LaTeX Font Info:    Checking defaults for OMX/cmex/m/n on input line 6.
LaTeX Font Info:    ... okay on input line 6.
LaTeX Font Info:    Checking defaults for U/cmr/m/n on input line 6.
LaTeX Font Info:    ... okay on input line 6.
LaTeX Info: Redefining \. on input line 6.
LaTeX Info: Redefining \% on input line 6.
 (/usr/share/texmf-dist/tex/context/base/mkii/supp-pdf.mkii
[Loading MPS to PDF converter (version 2006.09.02).]
\scratchcounter=\count291
\scratchdimen=\dimen150
\scratchbox=\box59
\nofMPsegments=\count292
\nofMParguments=\count293
\everyMPshowfont=\toks31
\MPscratchCnt=\count294
\MPscratchDim=\dimen151
\MPnumerator=\count295
\makeMPintoPDFobject=\count296
\everyMPtoPDFconversion=\toks32
)
LaTeX Font Info:    Trying to load font information for U+msa on input line 7.
 (/usr/share/texmf-dist/tex/latex/amsfonts/umsa.fd
File: umsa.fd 2013/01/14 v3.01 AMS symbols A
)
LaTeX Font Info:    Trying to load font information for U+msb on input line 7.
 (/usr/share/texmf-dist/tex/latex/amsfonts/umsb.fd
File: umsb.fd 2013/01/14 v3.01 AMS symbols B
)
LaTeX Font Info:    Trying to load font information for U+rsfs on input line 7.
 (/usr/share/texmf-dist/tex/latex/jknapltx/ursfs.fd
File: ursfs.fd 1998/03/24 rsfs font definition file (jk)
) [1

{/var/lib/texmf/fonts/map/pdftex/updmap/pdftex.map}] (./master.toc
LaTeX Info: Redefining \. on input line 1.
LaTeX Info: Redefining \% on input line 1.
)
\tf@toc=\write3
\openout3 = `master.toc'.

 (./class_01.tex [1

]
Cap\'{\i }tulo 1.
Package mdframed Info: mdframed detected package amsthm 
 changed the theorem header of amsthm
(mdframed)              on input line 3.
LaTeX Font Info:    Font shape `OT1/cmss/m/it' in size <10> not available
(Font)              Font shape `OT1/cmss/m/sl' tried instead on input line 3.

LaTeX Font Warning: Font shape `OT1/cmss/m/scit' undefined
(Font)              using `OT1/cmss/m/sc' instead on input line 5.


LaTeX Font Warning: Font shape `OT1/cmss/m/sc' in size <10> not available
(Font)              Font shape `OT1/cmr/m/sc' tried instead on input line 5.


LaTeX Font Warning: Font shape `OT1/cmss/m/scit' undefined
(Font)              using `OT1/cmss/m/sc' instead on input line 6.


LaTeX Font Warning: Font shape `OT1/cmss/m/scit' undefined
(Font)              using `OT1/cmss/m/sc' instead on input line 7.

Package mdframed Info: mdframed detected package amsthm 
 changed the theorem header of amsthm
(mdframed)              on input line 13.
Package mdframed Info: mdframed detected package amsthm 
 changed the theorem header of amsthm
(mdframed)              on input line 19.

LaTeX Font Warning: Font shape `OT1/cmss/m/scit' undefined
(Font)              using `OT1/cmss/m/sc' instead on input line 24.


LaTeX Font Warning: Font shape `OT1/cmss/m/scit' undefined
(Font)              using `OT1/cmss/m/sc' instead on input line 25.


LaTeX Font Warning: Font shape `OT1/cmss/m/scit' undefined
(Font)              using `OT1/cmss/m/sc' instead on input line 26.


LaTeX Font Warning: Font shape `OT1/cmss/m/scit' undefined
(Font)              using `OT1/cmss/m/sc' instead on input line 27.


LaTeX Font Warning: Font shape `OT1/cmss/m/scit' undefined
(Font)              using `OT1/cmss/m/sc' instead on input line 28.

Package mdframed Info: mdframed detected package amsthm 
 changed the theorem header of amsthm
(mdframed)              on input line 33.
Package mdframed Info: mdframed detected package amsthm 
 changed the theorem header of amsthm
(mdframed)              on input line 39.

LaTeX Font Warning: Font shape `OT1/cmss/m/scit' undefined
(Font)              using `OT1/cmss/m/sc' instead on input line 43.


LaTeX Font Warning: Font shape `OT1/cmss/m/scit' undefined
(Font)              using `OT1/cmss/m/sc' instead on input line 44.


LaTeX Font Warning: Font shape `OT1/cmss/m/scit' undefined
(Font)              using `OT1/cmss/m/sc' instead on input line 45.

[2

]
Package mdframed Info: mdframed detected package amsthm 
 changed the theorem header of amsthm
(mdframed)              on input line 53.
Package mdframed Info: mdframed detected package amsthm 
 changed the theorem header of amsthm
(mdframed)              on input line 57.


LaTeX Font Warning: Font shape `OT1/cmss/m/scit' undefined
(Font)              using `OT1/cmss/m/sc' instead on input line 60.


LaTeX Font Warning: Font shape `OT1/cmss/m/scit' undefined
(Font)              using `OT1/cmss/m/sc' instead on input line 61.


LaTeX Font Warning: Font shape `OT1/cmss/m/scit' undefined
(Font)              using `OT1/cmss/m/sc' instead on input line 62.

Package mdframed Info: mdframed detected package amsthm 
 changed the theorem header of amsthm
(mdframed)              on input line 66.
Package mdframed Info: mdframed detected package amsthm 
 changed the theorem header of amsthm
(mdframed)              on input line 70.
Package mdframed Info: mdframed detected package amsthm 
 changed the theorem header of amsthm
(mdframed)              on input line 74.

./class_01.tex:76: LaTeX Error: Unicode character ^^S (U+0013)
               not set up for use with LaTeX.

See the LaTeX manual or LaTeX Companion for explanation.
Type  H <return>  for immediate help.
 ...                                              
                                                  
l.76 \end{prop}^^S
                  
You may provide a definition with
\DeclareUnicodeCharacter 

) (./class_02.tex [3]
Cap\'{\i }tulo 2.
Package mdframed Info: mdframed detected package amsthm 
 changed the theorem header of amsthm
(mdframed)              on input line 3.
Package mdframed Info: mdframed detected package amsthm 
 changed the theorem header of amsthm
(mdframed)              on input line 8.
Package mdframed Info: mdframed detected package amsthm 
 changed the theorem header of amsthm
(mdframed)              on input line 12.

LaTeX Font Warning: Font shape `OT1/cmss/m/scit' undefined
(Font)              using `OT1/cmss/m/sc' instead on input line 22.


LaTeX Font Warning: Font shape `OT1/cmss/m/scit' undefined
(Font)              using `OT1/cmss/m/sc' instead on input line 23.


LaTeX Font Warning: Font shape `OT1/cmss/m/scit' undefined
(Font)              using `OT1/cmss/m/sc' instead on input line 24.


LaTeX Font Warning: Font shape `OT1/cmss/m/scit' undefined
(Font)              using `OT1/cmss/m/sc' instead on input line 25.


LaTeX Font Warning: Font shape `OT1/cmss/m/scit' undefined
(Font)              using `OT1/cmss/m/sc' instead on input line 26.


LaTeX Font Warning: Font shape `OT1/cmss/m/scit' undefined
(Font)              using `OT1/cmss/m/sc' instead on input line 27.

Package mdframed Info: mdframed detected package amsthm 
 changed the theorem header of amsthm
(mdframed)              on input line 32.
Package mdframed Info: mdframed detected package amsthm 
 changed the theorem header of amsthm
(mdframed)              on input line 36.
Package mdframed Info: Not enough space on this page on input line 38.
[4

]
Package mdframed Info: Not enough space on this page on input line 38.
Package mdframed Info: mdframed detected package amsthm 
 changed the theorem header of amsthm
(mdframed)              on input line 40.


LaTeX Font Warning: Font shape `OT1/cmss/m/scit' undefined
(Font)              using `OT1/cmss/m/sc' instead on input line 43.


LaTeX Font Warning: Font shape `OT1/cmss/m/scit' undefined
(Font)              using `OT1/cmss/m/sc' instead on input line 44.


LaTeX Font Warning: Font shape `OT1/cmss/m/scit' undefined
(Font)              using `OT1/cmss/m/sc' instead on input line 45.

Package mdframed Info: mdframed detected package amsthm 
 changed the theorem header of amsthm
(mdframed)              on input line 61.
Package mdframed Info: mdframed detected package amsthm 
 changed the theorem header of amsthm
(mdframed)              on input line 64.
Package mdframed Info: mdframed detected package amsthm 
 changed the theorem header of amsthm
(mdframed)              on input line 67.
Package mdframed Info: mdframed detected package amsthm 
 changed the theorem header of amsthm
(mdframed)              on input line 75.

LaTeX Font Warning: Font shape `OT1/cmss/m/scit' undefined
(Font)              using `OT1/cmss/m/sc' instead on input line 81.


LaTeX Font Warning: Font shape `OT1/cmss/m/scit' undefined
(Font)              using `OT1/cmss/m/sc' instead on input line 82.


LaTeX Font Warning: Font shape `OT1/cmss/m/scit' undefined
(Font)              using `OT1/cmss/m/sc' instead on input line 83.


LaTeX Font Warning: Font shape `OT1/cmss/m/scit' undefined
(Font)              using `OT1/cmss/m/sc' instead on input line 84.

Package mdframed Info: mdframed detected package amsthm 
 changed the theorem header of amsthm
(mdframed)              on input line 88.
Package mdframed Info: Not enough space on this page on input line 90.
[5]
Package mdframed Info: Not enough space on this page on input line 90.
Package mdframed Info: mdframed detected package amsthm 
 changed the theorem header of amsthm
(mdframed)              on input line 92.


LaTeX Font Warning: Font shape `OT1/cmss/m/scit' undefined
(Font)              using `OT1/cmss/m/sc' instead on input line 98.


LaTeX Font Warning: Font shape `OT1/cmss/m/scit' undefined
(Font)              using `OT1/cmss/m/sc' instead on input line 99.


LaTeX Font Warning: Font shape `OT1/cmss/m/scit' undefined
(Font)              using `OT1/cmss/m/sc' instead on input line 100.

Package mdframed Info: mdframed detected package amsthm 
 changed the theorem header of amsthm
(mdframed)              on input line 104.
Package mdframed Info: mdframed detected package amsthm 
 changed the theorem header of amsthm
(mdframed)              on input line 112.

Underfull \hbox (badness 10000) in paragraph at lines 113--114

 []

Package mdframed Info: mdframed detected package amsthm 
 changed the theorem header of amsthm
(mdframed)              on input line 119.

LaTeX Font Warning: Font shape `OT1/cmss/m/scit' undefined
(Font)              using `OT1/cmss/m/sc' instead on input line 122.


LaTeX Font Warning: Font shape `OT1/cmss/m/scit' undefined
(Font)              using `OT1/cmss/m/sc' instead on input line 123.


LaTeX Font Warning: Font shape `OT1/cmss/m/scit' undefined
(Font)              using `OT1/cmss/m/sc' instead on input line 124.


LaTeX Font Warning: Font shape `OT1/cmss/m/scit' undefined
(Font)              using `OT1/cmss/m/sc' instead on input line 125.

Package mdframed Info: mdframed detected package amsthm 
 changed the theorem header of amsthm
(mdframed)              on input line 133.

Underfull \hbox (badness 10000) in paragraph at lines 133--135

 []

[6]
Package mdframed Info: mdframed detected package amsthm 
 changed the theorem header of amsthm
(mdframed)              on input line 139.

Underfull \hbox (badness 10000) in paragraph at lines 139--141

 []

Package mdframed Info: mdframed detected package amsthm 
 changed the theorem header of amsthm
(mdframed)              on input line 145.
Package mdframed Info: mdframed detected package amsthm 
 changed the theorem header of amsthm
(mdframed)              on input line 149.
Package mdframed Info: mdframed detected package amsthm 
 changed the theorem header of amsthm
(mdframed)              on input line 154.
Package mdframed Info: mdframed detected package amsthm 
 changed the theorem header of amsthm
(mdframed)              on input line 162.
Package mdframed Info: mdframed detected package amsthm 
 changed the theorem header of amsthm
(mdframed)              on input line 166.
Package mdframed Info: mdframed detected package amsthm 
 changed the theorem header of amsthm
(mdframed)              on input line 174.
[7]
Package mdframed Info: mdframed detected package amsthm 
 changed the theorem header of amsthm
(mdframed)              on input line 184.


LaTeX Font Warning: Font shape `OT1/cmss/m/scit' undefined
(Font)              using `OT1/cmss/m/sc' instead on input line 188.


LaTeX Font Warning: Font shape `OT1/cmss/m/scit' undefined
(Font)              using `OT1/cmss/m/sc' instead on input line 189.

Package mdframed Info: mdframed detected package amsthm 
 changed the theorem header of amsthm
(mdframed)              on input line 197.

LaTeX Font Warning: Font shape `OT1/cmss/m/scit' undefined
(Font)              using `OT1/cmss/m/sc' instead on input line 201.


LaTeX Font Warning: Font shape `OT1/cmss/m/scit' undefined
(Font)              using `OT1/cmss/m/sc' instead on input line 202.

Package mdframed Info: mdframed detected package amsthm 
 changed the theorem header of amsthm
(mdframed)              on input line 206.

Underfull \hbox (badness 10000) in paragraph at lines 206--208

 []

Package mdframed Info: mdframed detected package amsthm 
 changed the theorem header of amsthm
(mdframed)              on input line 211.

Underfull \hbox (badness 10000) in paragraph at lines 211--213

 []

Package mdframed Info: mdframed detected package amsthm 
 changed the theorem header of amsthm
(mdframed)              on input line 221.
[8]
Package mdframed Info: mdframed detected package amsthm 
 changed the theorem header of amsthm
(mdframed)              on input line 225.
Package mdframed Info: mdframed detected package amsthm 
 changed the theorem header of amsthm
(mdframed)              on input line 229.


LaTeX Font Warning: Font shape `OT1/cmss/m/scit' undefined
(Font)              using `OT1/cmss/m/sc' instead on input line 232.


LaTeX Font Warning: Font shape `OT1/cmss/m/scit' undefined
(Font)              using `OT1/cmss/m/sc' instead on input line 233.

Package mdframed Info: mdframed detected package amsthm 
 changed the theorem header of amsthm
(mdframed)              on input line 237.

Underfull \hbox (badness 10000) in paragraph at lines 237--239

 []

Package mdframed Info: mdframed detected package amsthm 
 changed the theorem header of amsthm
(mdframed)              on input line 242.
Package mdframed Info: mdframed detected package amsthm 
 changed the theorem header of amsthm
(mdframed)              on input line 246.
Package mdframed Info: mdframed detected package amsthm 
 changed the theorem header of amsthm
(mdframed)              on input line 251.

Overfull \hbox (3.43985pt too wide) in paragraph at lines 252--253
[][]\OT1/cmss/bx/n/10 Demostraci^^Son. []$\OT1/cmr/m/n/10 (\OMS/cmsy/m/n/10 )\OT1/cmr/m/n/10 )$ \OT1/cmss/m/sl/10 Su-po-ne-mos que $\OML/cmm/m/it/10 A$ \OT1/cmss/m/sl/10 es ce-rra-do. Que-re-mos ver que $\OMS/cmsy/m/n/10 8f\OML/cmm/m/it/10 x[]\OMS/cmsy/m/n/10 g ^^Z
 []


Underfull \hbox (badness 10000) in paragraph at lines 252--253

 []

[9]
Package mdframed Info: mdframed detected package amsthm 
 changed the theorem header of amsthm
(mdframed)              on input line 259.
Package mdframed Info: mdframed detected package amsthm 
 changed the theorem header of amsthm
(mdframed)              on input line 267.
Package mdframed Info: mdframed detected package amsthm 
 changed the theorem header of amsthm
(mdframed)              on input line 271.
Package mdframed Info: mdframed detected package amsthm 
 changed the theorem header of amsthm
(mdframed)              on input line 277.
Package mdframed Info: mdframed detected package amsthm 
 changed the theorem header of amsthm
(mdframed)              on input line 281.
Package mdframed Info: mdframed detected package amsthm 
 changed the theorem header of amsthm
(mdframed)              on input line 285.

Underfull \hbox (badness 10000) in paragraph at lines 286--287

 []


Underfull \hbox (badness 10000) in paragraph at lines 288--289

 []

Package mdframed Info: mdframed detected package amsthm 
 changed the theorem header of amsthm
(mdframed)              on input line 294.
Package mdframed Info: mdframed detected package amsthm 
 changed the theorem header of amsthm
(mdframed)              on input line 298.

Underfull \hbox (badness 10000) in paragraph at lines 299--300

 []

Package mdframed Info: Not enough space on this page on input line 300.
[10]
Package mdframed Info: Not enough space on this page on input line 300.
Package mdframed Info: mdframed detected package amsthm 
 changed the theorem header of amsthm
(mdframed)              on input line 302.
Package mdframed Info: mdframed detected package amsthm 
 changed the theorem header of amsthm
(mdframed)              on input line 306.


LaTeX Font Warning: Font shape `OT1/cmss/m/scit' undefined
(Font)              using `OT1/cmss/m/sc' instead on input line 310.


LaTeX Font Warning: Font shape `OT1/cmss/m/scit' undefined
(Font)              using `OT1/cmss/m/sc' instead on input line 311.

Package mdframed Info: mdframed detected package amsthm 
 changed the theorem header of amsthm
(mdframed)              on input line 317.
Package mdframed Info: mdframed detected package amsthm 
 changed the theorem header of amsthm
(mdframed)              on input line 323.

LaTeX Font Warning: Font shape `OT1/cmss/m/scit' undefined
(Font)              using `OT1/cmss/m/sc' instead on input line 326.


LaTeX Font Warning: Font shape `OT1/cmss/m/scit' undefined
(Font)              using `OT1/cmss/m/sc' instead on input line 327.


LaTeX Font Warning: Font shape `OT1/cmss/m/scit' undefined
(Font)              using `OT1/cmss/m/sc' instead on input line 328.


LaTeX Font Warning: Font shape `OT1/cmss/m/scit' undefined
(Font)              using `OT1/cmss/m/sc' instead on input line 329.

Package mdframed Info: mdframed detected package amsthm 
 changed the theorem header of amsthm
(mdframed)              on input line 333.
Package mdframed Info: mdframed detected package amsthm 
 changed the theorem header of amsthm
(mdframed)              on input line 337.
Package mdframed Info: mdframed detected package amsthm 
 changed the theorem header of amsthm
(mdframed)              on input line 342.
Package mdframed Info: Not enough space on this page on input line 344.
[11]
Package mdframed Info: Not enough space on this page on input line 344.
Package mdframed Info: mdframed detected package amsthm 
 changed the theorem header of amsthm
(mdframed)              on input line 346.
Package mdframed Info: mdframed detected package amsthm 
 changed the theorem header of amsthm
(mdframed)              on input line 354.
Package mdframed Info: mdframed detected package amsthm 
 changed the theorem header of amsthm
(mdframed)              on input line 359.
Package mdframed Info: mdframed detected package amsthm 
 changed the theorem header of amsthm
(mdframed)              on input line 363.
Package mdframed Info: mdframed detected package amsthm 
 changed the theorem header of amsthm
(mdframed)              on input line 367.
Package mdframed Info: mdframed detected package amsthm 
 changed the theorem header of amsthm
(mdframed)              on input line 371.
) (./class_03.tex [12]
Cap\'{\i }tulo 3.
Package mdframed Info: mdframed detected package amsthm 
 changed the theorem header of amsthm
(mdframed)              on input line 3.
Package mdframed Info: mdframed detected package amsthm 
 changed the theorem header of amsthm
(mdframed)              on input line 7.
Package mdframed Info: mdframed detected package amsthm 
 changed the theorem header of amsthm
(mdframed)              on input line 13.
Package mdframed Info: mdframed detected package amsthm 
 changed the theorem header of amsthm
(mdframed)              on input line 18.
Package mdframed Info: mdframed detected package amsthm 
 changed the theorem header of amsthm
(mdframed)              on input line 32.

LaTeX Font Warning: Font shape `OT1/cmss/m/scit' undefined
(Font)              using `OT1/cmss/m/sc' instead on input line 36.


LaTeX Font Warning: Font shape `OT1/cmss/m/scit' undefined
(Font)              using `OT1/cmss/m/sc' instead on input line 37.

Package mdframed Info: Box was splittet wrong
 starting loop to iterate the splitting point
(mdframed)              on input line 39.
[13

]
Package mdframed Info: mdframed detected package amsthm 
 changed the theorem header of amsthm
(mdframed)              on input line 40.

Underfull \hbox (badness 10000) in paragraph at lines 40--42

 []

Package mdframed Info: mdframed detected package amsthm 
 changed the theorem header of amsthm
(mdframed)              on input line 45.

Underfull \hbox (badness 10000) in paragraph at lines 45--47

 []

Package mdframed Info: mdframed detected package amsthm 
 changed the theorem header of amsthm
(mdframed)              on input line 52.

LaTeX Font Warning: Font shape `OT1/cmss/m/scit' undefined
(Font)              using `OT1/cmss/m/sc' instead on input line 55.


LaTeX Font Warning: Font shape `OT1/cmss/m/scit' undefined
(Font)              using `OT1/cmss/m/sc' instead on input line 56.

Package mdframed Info: mdframed detected package amsthm 
 changed the theorem header of amsthm
(mdframed)              on input line 60.

LaTeX Font Warning: Font shape `OT1/cmss/m/scit' undefined
(Font)              using `OT1/cmss/m/sc' instead on input line 64.


LaTeX Font Warning: Font shape `OT1/cmss/m/scit' undefined
(Font)              using `OT1/cmss/m/sc' instead on input line 65.


LaTeX Font Warning: Font shape `OT1/cmss/m/scit' undefined
(Font)              using `OT1/cmss/m/sc' instead on input line 66.


LaTeX Font Warning: Font shape `OT1/cmss/m/scit' undefined
(Font)              using `OT1/cmss/m/sc' instead on input line 67.

Package mdframed Info: mdframed detected package amsthm 
 changed the theorem header of amsthm
(mdframed)              on input line 71.

LaTeX Font Warning: Font shape `OT1/cmss/m/scit' undefined
(Font)              using `OT1/cmss/m/sc' instead on input line 75.


LaTeX Font Warning: Font shape `OT1/cmss/m/scit' undefined
(Font)              using `OT1/cmss/m/sc' instead on input line 76.


LaTeX Font Warning: Font shape `OT1/cmss/m/scit' undefined
(Font)              using `OT1/cmss/m/sc' instead on input line 77.

Package mdframed Info: Box was splittet wrong
 starting loop to iterate the splitting point
(mdframed)              on input line 79.
[14]
Package mdframed Info: mdframed detected package amsthm 
 changed the theorem header of amsthm
(mdframed)              on input line 81.
Package mdframed Info: mdframed detected package amsthm 
 changed the theorem header of amsthm
(mdframed)              on input line 85.
Package mdframed Info: mdframed detected package amsthm 
 changed the theorem header of amsthm
(mdframed)              on input line 89.


LaTeX Font Warning: Font shape `OT1/cmss/m/scit' undefined
(Font)              using `OT1/cmss/m/sc' instead on input line 92.


Overfull \hbox (24.89987pt too wide) in paragraph at lines 92--93
[]\OT1/cmss/m/sl/10 Si $\OMS/cmsy/m/n/10 9f\OML/cmm/m/it/10 x[]; y[]\OMS/cmsy/m/n/10 g ! \OT1/cmr/m/n/10 (0\OML/cmm/m/it/10 ; \OT1/cmr/m/n/10 0)$ \OT1/cmss/m/sl/10 tal que $\U/msb/m/n/10 @ [][]\OMS/cmsy/m/n/10 f\OML/cmm/m/it/10 f\OT1/cmr/m/n/10 (\OML/cmm/m/it/10 x[]; y[]\OT1/cmr/m/n/10 )\OMS/cmsy/m/n/10 g ) \U/msb/m/n/10 @ [][] \OML/cmm/m/it/10 f\OT1/cmr/m/n/10 (\OML/cmm/m/it/10 x; y\OT1/cmr/m/n/10 )$\OT1/cmss/m/sl/10 . 
 []


LaTeX Font Warning: Font shape `OT1/cmss/m/scit' undefined
(Font)              using `OT1/cmss/m/sc' instead on input line 93.

Package mdframed Info: mdframed detected package amsthm 
 changed the theorem header of amsthm
(mdframed)              on input line 97.

LaTeX Font Warning: Font shape `OT1/cmss/m/scit' undefined
(Font)              using `OT1/cmss/m/sc' instead on input line 100.


LaTeX Font Warning: Font shape `OT1/cmss/m/scit' undefined
(Font)              using `OT1/cmss/m/sc' instead on input line 101.

Package mdframed Info: mdframed detected package amsthm 
 changed the theorem header of amsthm
(mdframed)              on input line 105.
Package mdframed Info: mdframed detected package amsthm 
 changed the theorem header of amsthm
(mdframed)              on input line 109.

LaTeX Font Warning: Font shape `OT1/cmss/m/scit' undefined
(Font)              using `OT1/cmss/m/sc' instead on input line 112.


LaTeX Font Warning: Font shape `OT1/cmss/m/scit' undefined
(Font)              using `OT1/cmss/m/sc' instead on input line 113.

Package mdframed Info: mdframed detected package amsthm 
 changed the theorem header of amsthm
(mdframed)              on input line 123.

LaTeX Font Warning: Font shape `OT1/cmss/m/scit' undefined
(Font)              using `OT1/cmss/m/sc' instead on input line 126.


LaTeX Font Warning: Font shape `OT1/cmss/m/scit' undefined
(Font)              using `OT1/cmss/m/sc' instead on input line 127.

Package mdframed Info: Not enough space on this page on input line 129.
[15]
Package mdframed Info: Not enough space on this page on input line 129.
Package mdframed Info: mdframed detected package amsthm 
 changed the theorem header of amsthm
(mdframed)              on input line 131.
Package mdframed Info: mdframed detected package amsthm 
 changed the theorem header of amsthm
(mdframed)              on input line 134.
Package mdframed Info: mdframed detected package amsthm 
 changed the theorem header of amsthm
(mdframed)              on input line 138.

Underfull \hbox (badness 10000) in paragraph at lines 139--140

 []

Package mdframed Info: mdframed detected package amsthm 
 changed the theorem header of amsthm
(mdframed)              on input line 142.
Package mdframed Info: mdframed detected package amsthm 
 changed the theorem header of amsthm
(mdframed)              on input line 146.

Underfull \hbox (badness 10000) in paragraph at lines 147--148

 []

Package mdframed Info: mdframed detected package amsthm 
 changed the theorem header of amsthm
(mdframed)              on input line 150.
Package mdframed Info: mdframed detected package amsthm 
 changed the theorem header of amsthm
(mdframed)              on input line 154.
Package mdframed Info: Not enough space on this page on input line 156.
[16]
Package mdframed Info: Not enough space on this page on input line 156.
Package mdframed Info: mdframed detected package amsthm 
 changed the theorem header of amsthm
(mdframed)              on input line 160.
Package mdframed Info: mdframed detected package amsthm 
 changed the theorem header of amsthm
(mdframed)              on input line 176.
Package mdframed Info: mdframed detected package amsthm 
 changed the theorem header of amsthm
(mdframed)              on input line 180.

Underfull \hbox (badness 10000) in paragraph at lines 181--182

 []

Package mdframed Info: mdframed detected package amsthm 
 changed the theorem header of amsthm
(mdframed)              on input line 186.

LaTeX Font Warning: Font shape `OT1/cmss/m/scit' undefined
(Font)              using `OT1/cmss/m/sc' instead on input line 189.


LaTeX Font Warning: Font shape `OT1/cmss/m/scit' undefined
(Font)              using `OT1/cmss/m/sc' instead on input line 190.


LaTeX Font Warning: Font shape `OT1/cmss/m/scit' undefined
(Font)              using `OT1/cmss/m/sc' instead on input line 191.

Package mdframed Info: mdframed detected package amsthm 
 changed the theorem header of amsthm
(mdframed)              on input line 195.
[17]
Cap\'{\i }tulo 4.
Package mdframed Info: mdframed detected package amsthm 
 changed the theorem header of amsthm
(mdframed)              on input line 211.
Package mdframed Info: mdframed detected package amsthm 
 changed the theorem header of amsthm
(mdframed)              on input line 215.
Package mdframed Info: mdframed detected package amsthm 
 changed the theorem header of amsthm
(mdframed)              on input line 219.
Package mdframed Info: mdframed detected package amsthm 
 changed the theorem header of amsthm
(mdframed)              on input line 227.
Package mdframed Info: mdframed detected package amsthm 
 changed the theorem header of amsthm
(mdframed)              on input line 231.
[18

]
Package mdframed Info: Not enough space on this page on input line 233.
Package mdframed Info: mdframed detected package amsthm 
 changed the theorem header of amsthm
(mdframed)              on input line 235.
Package mdframed Info: mdframed detected package amsthm 
 changed the theorem header of amsthm
(mdframed)              on input line 239.
Package mdframed Info: mdframed detected package amsthm 
 changed the theorem header of amsthm
(mdframed)              on input line 243.
Package mdframed Info: mdframed detected package amsthm 
 changed the theorem header of amsthm
(mdframed)              on input line 247.
Package mdframed Info: mdframed detected package amsthm 
 changed the theorem header of amsthm
(mdframed)              on input line 251.
Package mdframed Info: Box was splittet wrong
 starting loop to iterate the splitting point
(mdframed)              on input line 286.
 [19]
Package mdframed Info: mdframed detected package amsthm 
 changed the theorem header of amsthm
(mdframed)              on input line 288.
Package mdframed Info: mdframed detected package amsthm 
 changed the theorem header of amsthm
(mdframed)              on input line 292.
Package mdframed Info: mdframed detected package amsthm 
 changed the theorem header of amsthm
(mdframed)              on input line 296.


LaTeX Font Warning: Font shape `OT1/cmss/m/scit' undefined
(Font)              using `OT1/cmss/m/sc' instead on input line 299.


LaTeX Font Warning: Font shape `OT1/cmss/m/scit' undefined
(Font)              using `OT1/cmss/m/sc' instead on input line 300.


LaTeX Font Warning: Font shape `OT1/cmss/m/scit' undefined
(Font)              using `OT1/cmss/m/sc' instead on input line 301.

Package mdframed Info: mdframed detected package amsthm 
 changed the theorem header of amsthm
(mdframed)              on input line 305.
Package mdframed Info: Not enough space on this page on input line 307.
[20]
Package mdframed Info: Not enough space on this page on input line 307.
Package mdframed Info: mdframed detected package amsthm 
 changed the theorem header of amsthm
(mdframed)              on input line 309.
Package mdframed Info: mdframed detected package amsthm 
 changed the theorem header of amsthm
(mdframed)              on input line 313.
Package mdframed Info: mdframed detected package amsthm 
 changed the theorem header of amsthm
(mdframed)              on input line 317.


LaTeX Font Warning: Font shape `OT1/cmss/m/scit' undefined
(Font)              using `OT1/cmss/m/sc' instead on input line 323.


LaTeX Font Warning: Font shape `OT1/cmss/m/scit' undefined
(Font)              using `OT1/cmss/m/sc' instead on input line 338.

Package mdframed Info: mdframed detected package amsthm 
 changed the theorem header of amsthm
(mdframed)              on input line 354.
Package mdframed Info: mdframed detected package amsthm 
 changed the theorem header of amsthm
(mdframed)              on input line 358.
Package mdframed Info: Not enough space on this page on input line 360.
[21]
Package mdframed Info: Not enough space on this page on input line 360.

Overfull \hbox (11.65553pt too wide) detected at line 363
\OML/cmm/m/it/10 D[]f\OT1/cmr/m/n/10 (\OML/cmm/m/it/10 a\OT1/cmr/m/n/10 ) = [] = [] = [](\OML/cmm/m/it/10 a\OT1/cmr/m/n/10 )
 []

Package mdframed Info: mdframed detected package amsthm 
 changed the theorem header of amsthm
(mdframed)              on input line 366.
Package mdframed Info: mdframed detected package amsthm 
 changed the theorem header of amsthm
(mdframed)              on input line 370.
Package mdframed Info: mdframed detected package amsthm 
 changed the theorem header of amsthm
(mdframed)              on input line 378.
Package mdframed Info: mdframed detected package amsthm 
 changed the theorem header of amsthm
(mdframed)              on input line 387.
Package mdframed Info: mdframed detected package amsthm 
 changed the theorem header of amsthm
(mdframed)              on input line 392.
Package mdframed Info: mdframed detected package amsthm 
 changed the theorem header of amsthm
(mdframed)              on input line 402.
[22]
Package mdframed Info: Not enough space on this page on input line 406.
Package mdframed Info: mdframed detected package amsthm 
 changed the theorem header of amsthm
(mdframed)              on input line 412.
Package mdframed Info: mdframed detected package amsthm 
 changed the theorem header of amsthm
(mdframed)              on input line 417.

Overfull \hbox (23.18675pt too wide) in paragraph at lines 422--422
[][]\OT1/cmss/bx/n/10 Observaci^^Son. []\OT1/cmss/m/sl/10 Sea $\OML/cmm/m/it/10 v \OT1/cmr/m/n/10 = []$ \OT1/cmss/m/sl/10 con $\OML/cmm/m/it/10 a \OMS/cmsy/m/n/10 6\OT1/cmr/m/n/10 = \OML/cmm/m/it/10 b$\OT1/cmss/m/sl/10 , te-ne-mos que $\OML/cmm/m/it/10 f\OT1/cmr/m/n/10 (\OML/cmm/m/it/10 b\OT1/cmr/m/n/10 ) \OMS/cmsy/m/n/10 ^^@ \OML/cmm/m/it/10 f\OT1/cmr/m/n/10 (\OML/cmm/m/it/10 a\OT1/cmr/m/n/10 ) = \OMS/cmsy/m/n/10 hr[][] []ijj\OML/cmm/m/it/10 b \OMS/cmsy/m/n/10 ^^@
 []

Package mdframed Info: mdframed detected package amsthm 
 changed the theorem header of amsthm
(mdframed)              on input line 429.
Package mdframed Info: mdframed detected package amsthm 
 changed the theorem header of amsthm
(mdframed)              on input line 433.
Package mdframed Info: mdframed detected package amsthm 
 changed the theorem header of amsthm
(mdframed)              on input line 441.
Package mdframed Info: Not enough space on this page on input line 443.
[23]
Package mdframed Info: Not enough space on this page on input line 443.
Package mdframed Info: mdframed detected package amsthm 
 changed the theorem header of amsthm
(mdframed)              on input line 445.
Package mdframed Info: mdframed detected package amsthm 
 changed the theorem header of amsthm
(mdframed)              on input line 449.
Package mdframed Info: mdframed detected package amsthm 
 changed the theorem header of amsthm
(mdframed)              on input line 455.
Package mdframed Info: mdframed detected package amsthm 
 changed the theorem header of amsthm
(mdframed)              on input line 459.


LaTeX Font Warning: Font shape `OT1/cmss/m/scit' undefined
(Font)              using `OT1/cmss/m/sc' instead on input line 465.


LaTeX Font Warning: Font shape `OT1/cmss/m/scit' undefined
(Font)              using `OT1/cmss/m/sc' instead on input line 466.


LaTeX Font Warning: Font shape `OT1/cmss/m/scit' undefined
(Font)              using `OT1/cmss/m/sc' instead on input line 467.

Package mdframed Info: mdframed detected package amsthm 
 changed the theorem header of amsthm
(mdframed)              on input line 471.

Package mdframed Warning: You got a bad break
(mdframed)                because the last box will be empty
(mdframed)                you have to change it manually
(mdframed)                by changing the text, the space
(mdframed)                or something else on input line 473.

[24] [25]
Cap\'{\i }tulo 5.
Package mdframed Info: mdframed detected package amsthm 
 changed the theorem header of amsthm
(mdframed)              on input line 479.

Overfull \hbox (8.39291pt too wide) detected at line 480
\OML/cmm/m/it/10 P[]\OT1/cmr/m/n/10 (\OML/cmm/m/it/10 x\OT1/cmr/m/n/10 ) = \OML/cmm/m/it/10 f\OT1/cmr/m/n/10 (\OML/cmm/m/it/10 a\OT1/cmr/m/n/10 ) + [] [](\OML/cmm/m/it/10 a\OT1/cmr/m/n/10 )(\OML/cmm/m/it/10 x[] \OMS/cmsy/m/n/10 ^^@ \OML/cmm/m/it/10 a[]\OT1/cmr/m/n/10 ) + [] [] [](\OML/cmm/m/it/10 a\OT1/cmr/m/n/10 )(\OML/cmm/m/it/10 x[] \OMS/cmsy/m/n/10 ^^@ \OML/cmm/m/it/10 a[]\OT1/cmr/m/n/10 )(\OML/cmm/m/it/10 x[] \OMS/cmsy/m/n/10 ^^@ \OML/cmm/m/it/10 a[]\OT1/cmr/m/n/10 ) + []
 []

Package mdframed Info: mdframed detected package amsthm 
 changed the theorem header of amsthm
(mdframed)              on input line 483.
Package mdframed Info: mdframed detected package amsthm 
 changed the theorem header of amsthm
(mdframed)              on input line 487.
Package mdframed Info: mdframed detected package amsthm 
 changed the theorem header of amsthm
(mdframed)              on input line 497.

LaTeX Font Warning: Font shape `OT1/cmss/m/scit' undefined
(Font)              using `OT1/cmss/m/sc' instead on input line 500.


LaTeX Font Warning: Font shape `OT1/cmss/m/scit' undefined
(Font)              using `OT1/cmss/m/sc' instead on input line 501.


LaTeX Font Warning: Font shape `OT1/cmss/m/scit' undefined
(Font)              using `OT1/cmss/m/sc' instead on input line 502.


LaTeX Font Warning: Font shape `OT1/cmss/m/scit' undefined
(Font)              using `OT1/cmss/m/sc' instead on input line 503.


LaTeX Font Warning: Font shape `OT1/cmss/m/scit' undefined
(Font)              using `OT1/cmss/m/sc' instead on input line 504.

[26

]
Package mdframed Info: mdframed detected package amsthm 
 changed the theorem header of amsthm
(mdframed)              on input line 508.
Package mdframed Info: mdframed detected package amsthm 
 changed the theorem header of amsthm
(mdframed)              on input line 513.
Package mdframed Info: mdframed detected package amsthm 
 changed the theorem header of amsthm
(mdframed)              on input line 521.
Package mdframed Info: mdframed detected package amsthm 
 changed the theorem header of amsthm
(mdframed)              on input line 537.
Package mdframed Info: mdframed detected package amsthm 
 changed the theorem header of amsthm
(mdframed)              on input line 541.


LaTeX Font Warning: Font shape `OT1/cmss/m/scit' undefined
(Font)              using `OT1/cmss/m/sc' instead on input line 544.


LaTeX Font Warning: Font shape `OT1/cmss/m/scit' undefined
(Font)              using `OT1/cmss/m/sc' instead on input line 545.

Package mdframed Info: Not enough space on this page on input line 547.
[27]
Package mdframed Info: Not enough space on this page on input line 547.
Package mdframed Info: mdframed detected package amsthm 
 changed the theorem header of amsthm
(mdframed)              on input line 557.


LaTeX Font Warning: Font shape `OT1/cmss/m/scit' undefined
(Font)              using `OT1/cmss/m/sc' instead on input line 561.


LaTeX Font Warning: Font shape `OT1/cmss/m/scit' undefined
(Font)              using `OT1/cmss/m/sc' instead on input line 562.


LaTeX Font Warning: Font shape `OT1/cmss/m/scit' undefined
(Font)              using `OT1/cmss/m/sc' instead on input line 563.


LaTeX Font Warning: Font shape `OT1/cmss/m/scit' undefined
(Font)              using `OT1/cmss/m/sc' instead on input line 571.


LaTeX Font Warning: Font shape `OT1/cmss/m/scit' undefined
(Font)              using `OT1/cmss/m/sc' instead on input line 572.


LaTeX Font Warning: Font shape `OT1/cmss/m/scit' undefined
(Font)              using `OT1/cmss/m/sc' instead on input line 602.


LaTeX Font Warning: Font shape `OT1/cmss/m/scit' undefined
(Font)              using `OT1/cmss/m/sc' instead on input line 607.

[28]

LaTeX Font Warning: Font shape `OT1/cmss/m/scit' undefined
(Font)              using `OT1/cmss/m/sc' instead on input line 608.

Package mdframed Info: mdframed detected package amsthm 
 changed the theorem header of amsthm
(mdframed)              on input line 620.
Package mdframed Info: mdframed detected package amsthm 
 changed the theorem header of amsthm
(mdframed)              on input line 624.

LaTeX Font Warning: Font shape `OT1/cmss/m/scit' undefined
(Font)              using `OT1/cmss/m/sc' instead on input line 628.


LaTeX Font Warning: Font shape `OT1/cmss/m/scit' undefined
(Font)              using `OT1/cmss/m/sc' instead on input line 629.


LaTeX Font Warning: Font shape `OT1/cmss/m/scit' undefined
(Font)              using `OT1/cmss/m/sc' instead on input line 630.


LaTeX Font Warning: Font shape `OT1/cmss/m/scit' undefined
(Font)              using `OT1/cmss/m/sc' instead on input line 631.


LaTeX Font Warning: Font shape `OT1/cmss/m/scit' undefined
(Font)              using `OT1/cmss/m/sc' instead on input line 632.


Package mdframed Warning: You got a bad break
(mdframed)                because the last box will be empty
(mdframed)                you have to change it manually
(mdframed)                by changing the text, the space
(mdframed)                or something else on input line 634.

Package mdframed Info: You first box width is to small
 mdframed fixed it
(mdframed)              on input line 634.
[29]

Package mdframed Warning: You got a bad break
(mdframed)                because the last split box is empty
(mdframed)                You have to change the settings on input line 634.

[30]
Cap\'{\i }tulo 6.
Package mdframed Info: mdframed detected package amsthm 
 changed the theorem header of amsthm
(mdframed)              on input line 640.
Package mdframed Info: mdframed detected package amsthm 
 changed the theorem header of amsthm
(mdframed)              on input line 648.

LaTeX Font Warning: Font shape `OT1/cmss/m/scit' undefined
(Font)              using `OT1/cmss/m/sc' instead on input line 651.


LaTeX Font Warning: Font shape `OT1/cmss/m/scit' undefined
(Font)              using `OT1/cmss/m/sc' instead on input line 652.


LaTeX Font Warning: Font shape `OT1/cmss/m/scit' undefined
(Font)              using `OT1/cmss/m/sc' instead on input line 653.

Package mdframed Info: mdframed detected package amsthm 
 changed the theorem header of amsthm
(mdframed)              on input line 667.
Package mdframed Info: Not enough space on this page on input line 669.
[31

]
Package mdframed Info: Not enough space on this page on input line 669.
Package mdframed Info: mdframed detected package amsthm 
 changed the theorem header of amsthm
(mdframed)              on input line 671.
Package mdframed Info: mdframed detected package amsthm 
 changed the theorem header of amsthm
(mdframed)              on input line 675.
 [32]
Cap\'{\i }tulo 7.
Package mdframed Info: mdframed detected package amsthm 
 changed the theorem header of amsthm
(mdframed)              on input line 683.

LaTeX Font Warning: Font shape `OT1/cmss/m/scit' undefined
(Font)              using `OT1/cmss/m/sc' instead on input line 687.


LaTeX Font Warning: Font shape `OT1/cmss/m/scit' undefined
(Font)              using `OT1/cmss/m/sc' instead on input line 688.

Package mdframed Info: mdframed detected package amsthm 
 changed the theorem header of amsthm
(mdframed)              on input line 694.
Package mdframed Info: mdframed detected package amsthm 
 changed the theorem header of amsthm
(mdframed)              on input line 712.

LaTeX Font Warning: Font shape `OT1/cmss/m/scit' undefined
(Font)              using `OT1/cmss/m/sc' instead on input line 716.


LaTeX Font Warning: Font shape `OT1/cmss/m/scit' undefined
(Font)              using `OT1/cmss/m/sc' instead on input line 717.


LaTeX Font Warning: Font shape `OT1/cmss/m/scit' undefined
(Font)              using `OT1/cmss/m/sc' instead on input line 718.

[33

]
Package mdframed Info: mdframed detected package amsthm 
 changed the theorem header of amsthm
(mdframed)              on input line 724.

Underfull \hbox (badness 10000) in paragraph at lines 732--733

 []


LaTeX Font Warning: Font shape `OT1/cmss/m/scit' undefined
(Font)              using `OT1/cmss/m/sc' instead on input line 734.


Overfull \hbox (1.72641pt too wide) detected at line 735
\OT1/cmr/m/n/10 = \OML/cmm/m/it/10 F[]\OT1/cmr/m/n/10 (\OML/cmm/m/it/10 x[]; x[]; :::; x[]; y[]\OT1/cmr/m/n/10 (\OML/cmm/m/it/10 x[]; x[]; :::; x[]\OT1/cmr/m/n/10 )\OML/cmm/m/it/10 ; y[]\OT1/cmr/m/n/10 (\OML/cmm/m/it/10 x[]; x[]; :::; x[]\OT1/cmr/m/n/10 )\OML/cmm/m/it/10 ; :::; y[]\OT1/cmr/m/n/10 (\OML/cmm/m/it/10 x[]; x[]; :::; x[]\OT1/cmr/m/n/10 ))
 []


Overfull \hbox (19.50537pt too wide) in paragraph at lines 737--738
\OT1/cmss/m/sl/10 nea-les en las inc^^Sogni-tas $[]\OML/cmm/m/it/10 ; :::; []:$ \OT1/cmss/m/sl/10 La ma-triz de co-efi-cien-tes es $\OT1/cmr/m/n/10 ([](\OML/cmm/m/it/10 a; b\OT1/cmr/m/n/10 ))$
 []


LaTeX Font Warning: Font shape `OT1/cmss/m/scit' undefined
(Font)              using `OT1/cmss/m/sc' instead on input line 739.


Underfull \hbox (badness 10000) in paragraph at lines 743--744

 []


LaTeX Font Warning: Font shape `OT1/cmss/m/scit' undefined
(Font)              using `OT1/cmss/m/sc' instead on input line 745.


LaTeX Font Warning: Font shape `OT1/cmss/m/scit' undefined
(Font)              using `OT1/cmss/m/sc' instead on input line 747.

[34]

LaTeX Font Warning: Font shape `OT1/cmss/m/scit' undefined
(Font)              using `OT1/cmss/m/sc' instead on input line 751.


LaTeX Font Warning: Font shape `OT1/cmss/m/scit' undefined
(Font)              using `OT1/cmss/m/sc' instead on input line 752.

) [35] (./master.aux
LaTeX Info: Redefining \. on input line 9.
LaTeX Info: Redefining \% on input line 9.
) ) 
Here is how much of TeX's memory you used:
 6221 strings out of 478238
 102894 string characters out of 5850456
 434150 words of memory out of 5000000
 24351 multiletter control sequences out of 15000+600000
 487105 words of font info for 100 fonts, out of 8000000 for 9000
 1141 hyphenation exceptions out of 8191
 87i,9n,93p,940b,430s stack positions out of 5000i,500n,10000p,200000b,80000s
</usr/share/texmf-dist/fonts/type1/public/amsfonts/cm/cmcsc10.pfb></usr/share/texmf-dist/fonts/type1/public/amsfonts/cm/cmex10.pfb></usr/share/texmf-dist/fonts/type1/public/amsfonts/cm/cmmi10.pfb></usr/share/texmf-dist/fonts/type1/public/amsfonts/cm/cmmi12.pfb></usr/share/texmf-dist/fonts/type1/public/amsfonts/cm/cmmi5.pfb></usr/share/texmf-dist/fonts/type1/public/amsfonts/cm/cmmi7.pfb></usr/share/texmf-dist/fonts/type1/public/amsfonts/cm/cmr10.pfb></usr/share/texmf-dist/fonts/type1/public/amsfonts/cm/cmr5.pfb></usr/share/texmf-dist/fonts/type1/public/amsfonts/cm/cmr7.pfb></usr/share/texmf-dist/fonts/type1/public/amsfonts/cm/cmss10.pfb></usr/share/texmf-dist/fonts/type1/public/amsfonts/cm/cmss12.pfb></usr/share/texmf-dist/fonts/type1/public/amsfonts/cm/cmss17.pfb></usr/share/texmf-dist/fonts/type1/public/amsfonts/cm/cmssbx10.pfb></usr/share/texmf-dist/fonts/type1/public/amsfonts/cm/cmssi10.pfb></usr/share/texmf-dist/fonts/type1/public/amsfonts/cm/cmsy10.pfb></usr/share/texmf-dist/fonts/type1/public/amsfonts/cm/cmsy7.pfb></usr/share/texmf-dist/fonts/type1/public/amsfonts/symbols/msbm10.pfb></usr/share/texmf-dist/fonts/type1/public/amsfonts/symbols/msbm7.pfb>
Output written on master.pdf (36 pages, 302835 bytes).
PDF statistics:
 210 PDF objects out of 1000 (max. 8388607)
 134 compressed objects within 2 object streams
 0 named destinations out of 1000 (max. 500000)
 1 words of extra memory for PDF output out of 10000 (max. 10000000)

