\BOOKMARK [-1][-]{part.1}{\376\377\000I\000\040\000T\000o\000p\000o\000l\000o\000g\000\355\000a\000\040\000G\000e\000n\000e\000r\000a\000l}{}% 1
\BOOKMARK [0][-]{chapter.1}{\376\377\000E\000s\000p\000a\000c\000i\000o\000s\000\040\000T\000o\000p\000o\000l\000\363\000g\000i\000c\000o\000s\000\040\000A\000r\000b\000i\000t\000r\000a\000r\000i\000o\000s}{part.1}% 2
\BOOKMARK [1][-]{section.1.1}{\376\377\000E\000s\000p\000a\000c\000i\000o\000s\000\040\000T\000o\000p\000o\000l\000\363\000g\000i\000c\000o\000s}{chapter.1}% 3
\BOOKMARK [1][-]{section.1.2}{\376\377\000E\000n\000t\000o\000r\000n\000o\000s}{chapter.1}% 4
\BOOKMARK [1][-]{section.1.3}{\376\377\000B\000a\000s\000e\000s}{chapter.1}% 5
\BOOKMARK [1][-]{section.1.4}{\376\377\000S\000u\000b\000e\000s\000p\000a\000c\000i\000o\000s}{chapter.1}% 6
\BOOKMARK [1][-]{section.1.5}{\376\377\000F\000u\000n\000c\000i\000o\000n\000e\000s\000\040\000c\000o\000n\000t\000i\000n\000u\000a\000s}{chapter.1}% 7
\BOOKMARK [1][-]{section.1.6}{\376\377\000E\000s\000p\000a\000c\000i\000o\000\040\000P\000r\000o\000d\000u\000c\000t\000o}{chapter.1}% 8
\BOOKMARK [1][-]{section.1.7}{\376\377\000E\000s\000p\000a\000c\000i\000o\000\040\000C\000o\000c\000i\000e\000n\000t\000e}{chapter.1}% 9
\BOOKMARK [1][-]{section.1.8}{\376\377\000E\000s\000p\000a\000c\000i\000o\000\040\000S\000u\000m\000a}{chapter.1}% 10
\BOOKMARK [0][-]{chapter.2}{\376\377\000P\000r\000o\000p\000i\000e\000d\000a\000d\000e\000s\000\040\000d\000e\000\040\000S\000e\000p\000a\000r\000a\000c\000i\000\363\000n}{part.1}% 11
\BOOKMARK [1][-]{section.2.1}{\376\377\000E\000s\000p\000a\000c\000i\000o\000\040\000H\000a\000u\000s\000d\000o\000r\000f\000f}{chapter.2}% 12
\BOOKMARK [1][-]{section.2.2}{\376\377\000E\000s\000p\000a\000c\000i\000o\000\040\000R\000e\000g\000u\000l\000a\000r}{chapter.2}% 13
\BOOKMARK [1][-]{section.2.3}{\376\377\000E\000s\000p\000a\000c\000i\000o\000\040\000C\000o\000m\000p\000l\000e\000t\000a\000m\000e\000n\000t\000e\000\040\000R\000e\000g\000u\000l\000a\000r}{chapter.2}% 14
\BOOKMARK [1][-]{section.2.4}{\376\377\000E\000s\000p\000a\000c\000i\000o\000s\000\040\000N\000o\000r\000m\000a\000l\000e\000s}{chapter.2}% 15
\BOOKMARK [0][-]{chapter.3}{\376\377\000P\000r\000o\000p\000i\000e\000d\000a\000d\000e\000s\000\040\000N\000u\000m\000e\000r\000a\000b\000i\000l\000i\000d\000a\000d}{part.1}% 16
\BOOKMARK [1][-]{section.3.1}{\376\377\000A\000x\000i\000o\000m\000a\000s\000\040\000N\000u\000m\000e\000r\000a\000b\000i\000l\000i\000d\000a\000d}{chapter.3}% 17
\BOOKMARK [1][-]{section.3.2}{\376\377\000S\000e\000p\000a\000r\000a\000b\000l\000e}{chapter.3}% 18
\BOOKMARK [1][-]{section.3.3}{\376\377\000L\000i\000n\000d\000e\000l\000\366\000f}{chapter.3}% 19
\BOOKMARK [0][-]{chapter.4}{\376\377\000E\000s\000p\000a\000c\000i\000o\000s\000\040\000C\000o\000m\000p\000a\000c\000t\000o\000s}{part.1}% 20
\BOOKMARK [1][-]{section.4.1}{\376\377\000C\000o\000m\000p\000a\000c\000i\000d\000a\000d}{chapter.4}% 21
\BOOKMARK [1][-]{section.4.2}{\376\377\000C\000o\000m\000p\000a\000c\000i\000d\000a\000d\000\040\000L\000o\000c\000a\000l}{chapter.4}% 22
\BOOKMARK [1][-]{section.4.3}{\376\377\000C\000o\000m\000p\000a\000c\000t\000a\000c\000i\000\363\000n}{chapter.4}% 23
\BOOKMARK [0][-]{chapter.5}{\376\377\000C\000o\000n\000e\000x\000i\000\363\000n}{part.1}% 24
\BOOKMARK [1][-]{section.5.1}{\376\377\000E\000s\000p\000a\000c\000i\000o\000\040\000c\000o\000n\000e\000x\000o}{chapter.5}% 25
\BOOKMARK [1][-]{section.5.2}{\376\377\000C\000o\000m\000p\000o\000n\000e\000n\000t\000e\000s\000\040\000C\000o\000n\000e\000x\000a\000s}{chapter.5}% 26
\BOOKMARK [1][-]{section.5.3}{\376\377\000E\000s\000p\000a\000c\000i\000o\000\040\000L\000o\000c\000a\000l\000m\000e\000n\000t\000e\000\040\000C\000o\000n\000e\000x\000o}{chapter.5}% 27
\BOOKMARK [1][-]{section.5.4}{\376\377\000C\000o\000n\000e\000x\000i\000\363\000n\000\040\000p\000o\000r\000\040\000c\000a\000m\000i\000n\000o\000s}{chapter.5}% 28
\BOOKMARK [0][-]{chapter.6}{\376\377\000C\000o\000n\000v\000e\000r\000g\000e\000n\000c\000i\000a}{part.1}% 29
\BOOKMARK [1][-]{section.6.1}{\376\377\000F\000i\000l\000t\000r\000o\000s}{chapter.6}% 30
\BOOKMARK [1][-]{section.6.2}{\376\377\000R\000e\000d\000e\000s}{chapter.6}% 31
\BOOKMARK [1][-]{section.6.3}{\376\377\000R\000e\000s\000u\000l\000t\000a\000d\000o\000s}{chapter.6}% 32
\BOOKMARK [-1][-]{part.2}{\376\377\000I\000I\000\040\000T\000o\000p\000o\000l\000o\000g\000\355\000a\000\040\000A\000l\000g\000e\000b\000r\000\341\000i\000c\000a}{}% 33
\BOOKMARK [0][-]{chapter.7}{\376\377\000H\000o\000m\000o\000t\000o\000p\000\355\000a}{part.2}% 34
\BOOKMARK [1][-]{section.7.1}{\376\377\000H\000o\000m\000o\000t\000o\000p\000\355\000a}{chapter.7}% 35
\BOOKMARK [1][-]{section.7.2}{\376\377\000R\000e\000t\000r\000a\000c\000c\000i\000o\000n\000e\000s\000,\000\040\000P\000r\000o\000d\000u\000c\000t\000o\000\040\000y\000\040\000L\000a\000z\000o\000s}{chapter.7}% 36
\BOOKMARK [1][-]{section.7.3}{\376\377\000G\000r\000u\000p\000o\000\040\000F\000u\000n\000d\000a\000m\000e\000n\000t\000a\000l}{chapter.7}% 37
